Iteration, Time, p_B0(178, 45), p_B0(178, 72), p_B0(178, 96), p_B0(178, 118), p_B0(178, 139), p_B0(178, 160), p_B0(178, 176)
1, 0.005000000000, 0.178569531099, 0.178571428669, 0.178571428571, 0.178571428571, 0.178571428571, 0.178571428571, 0.178571428571
100, 0.500000000000, 0.178317822535, 0.178571401581, 0.178571428571, 0.178571428571, 0.178571428571, 0.178571428571, 0.178571428571
200, 1.000000000000, 0.178068579942, 0.178571125608, 0.178571428571, 0.178571428571, 0.178571428571, 0.178571428571, 0.178571428571
300, 1.500000000000, 0.177852492060, 0.178569027526, 0.178571428570, 0.178571428571, 0.178571428571, 0.178571428571, 0.178571428571
400, 2.000000000000, 0.177702248609, 0.178558019388, 0.178571428592, 0.178571428571, 0.178571428571, 0.178571428571, 0.178571428571
500, 2.500000000000, 0.177635528431, 0.178518103611, 0.178571428513, 0.178571428571, 0.178571428571, 0.178571428571, 0.178571428571
600, 3.000000000000, 0.177609283030, 0.178418705422, 0.178571428519, 0.178571428571, 0.178571428571, 0.178571428571, 0.178571428571
700, 3.500000000000, 0.177517557788, 0.178246530138, 0.178571430157, 0.178571428571, 0.178571428571, 0.178571428571, 0.178571428571
800, 4.000000000000, 0.177351900999, 0.178031138410, 0.178571429489, 0.178571428571, 0.178571428571, 0.178571428571, 0.178571428571
900, 4.500000000000, 0.177143086743, 0.177829216941, 0.178571406120, 0.178571428571, 0.178571428571, 0.178571428571, 0.178571428571
1000, 5.000000000000, 0.176939911787, 0.177688180524, 0.178571197774, 0.178571428571, 0.178571428571, 0.178571428571, 0.178571428571
1100, 5.500000000000, 0.176785415993, 0.177628200159, 0.178569853113, 0.178571428571, 0.178571428571, 0.178571428571, 0.178571428571
1200, 6.000000000000, 0.176691480503, 0.177595761058, 0.178562490008, 0.178571428573, 0.178571428571, 0.178571428571, 0.178571428571
1300, 6.500000000000, 0.176641085400, 0.177498963613, 0.178533373710, 0.178571428566, 0.178571428571, 0.178571428571, 0.178571428571
1400, 7.000000000000, 0.176611694207, 0.177329170743, 0.178455408615, 0.178571428575, 0.178571428571, 0.178571428571, 0.178571428571
1500, 7.500000000000, 0.176590012193, 0.177120392169, 0.178308812625, 0.178571428594, 0.178571428571, 0.178571428571, 0.178571428571
1600, 8.000000000000, 0.176571116137, 0.176920799671, 0.178107909109, 0.178571428560, 0.178571428571, 0.178571428571, 0.178571428571
1700, 8.500000000000, 0.176553731506, 0.176770916440, 0.177899854182, 0.178571428306, 0.178571428571, 0.178571428571, 0.178571428571
1800, 9.000000000000, 0.176537694233, 0.176680734214, 0.177735555777, 0.178571428269, 0.178571428571, 0.178571428571, 0.178571428571
1900, 9.500000000000, 0.176523121356, 0.176633075266, 0.177646563851, 0.178571429975, 0.178571428571, 0.178571428571, 0.178571428571
2000, 10.000000000000, 0.176510162042, 0.176605684197, 0.177608704395, 0.178571414078, 0.178571428571, 0.178571428571, 0.178571428571
2100, 10.500000000000, 0.176498917216, 0.176585403342, 0.177539654418, 0.178571291957, 0.178571428571, 0.178571428571, 0.178571428571
2200, 11.000000000000, 0.176489383316, 0.176567446381, 0.177397180527, 0.178570692302, 0.178571428571, 0.178571428571, 0.178571428571
2300, 11.500000000000, 0.176481445431, 0.176550680772, 0.177202114527, 0.178568174778, 0.178571428571, 0.178571428571, 0.178571428571
2400, 12.000000000000, 0.176474904640, 0.176535066308, 0.176998111262, 0.178558560003, 0.178571428571, 0.178571428571, 0.178571428571
2500, 12.500000000000, 0.176469521540, 0.176520807281, 0.176828028092, 0.178522862911, 0.178571428571, 0.178571428571, 0.178571428571
2600, 13.000000000000, 0.176465056365, 0.176508107435, 0.176714369193, 0.178433065140, 0.178571428572, 0.178571428571, 0.178571428571
2700, 13.500000000000, 0.176461296871, 0.176497093238, 0.176650786347, 0.178280889220, 0.178571428575, 0.178571428571, 0.178571428571
2800, 14.000000000000, 0.176458072563, 0.176487770317, 0.176616270718, 0.178084478506, 0.178571428560, 0.178571428571, 0.178571428571
2900, 14.500000000000, 0.176455256405, 0.176480024004, 0.176593592382, 0.177884988841, 0.178571428548, 0.178571428571, 0.178571428571
3000, 15.000000000000, 0.176452758225, 0.176473653742, 0.176574801722, 0.177730457015, 0.178571428654, 0.178571428571, 0.178571428571
3100, 15.500000000000, 0.176450514797, 0.176468418449, 0.176557558616, 0.177647866550, 0.178571428691, 0.178571428571, 0.178571428571
3200, 16.000000000000, 0.176448481143, 0.176464078120, 0.176541466114, 0.177601394360, 0.178571428040, 0.178571428571, 0.178571428571
3300, 16.500000000000, 0.176446623978, 0.176460422202, 0.176526640549, 0.177524229747, 0.178571427409, 0.178571428571, 0.178571428571
3400, 17.000000000000, 0.176444916998, 0.176457283047, 0.176513291098, 0.177381131299, 0.178571428884, 0.178571428571, 0.178571428571
3500, 17.500000000000, 0.176443337896, 0.176454536899, 0.176501578262, 0.177189768477, 0.178571427339, 0.178571428571, 0.178571428571
3600, 18.000000000000, 0.176441867740, 0.176452096693, 0.176491558904, 0.176992600109, 0.178571400648, 0.178571428571, 0.178571428571
3700, 18.500000000000, 0.176440490059, 0.176449901919, 0.176483168117, 0.176828497520, 0.178571292812, 0.178571428571, 0.178571428571
3800, 19.000000000000, 0.176439190488, 0.176447909772, 0.176476239133, 0.176716258948, 0.178570913066, 0.178571428571, 0.178571428571
3900, 19.500000000000, 0.176437956753, 0.176446088595, 0.176470545666, 0.176651485375, 0.178569727370, 0.178571428571, 0.178571428571
4000, 20.000000000000, 0.176436778557, 0.176444413194, 0.176465845656, 0.176616251424, 0.178566271036, 0.178571428571, 0.178571428571
4100, 20.500000000000, 0.176435647379, 0.176442862146, 0.176461915346, 0.176593546116, 0.178556845255, 0.178571428571, 0.178571428571
4200, 21.000000000000, 0.176434556243, 0.176441417092, 0.176458568992, 0.176574699039, 0.178531634588, 0.178571428572, 0.178571428571
4300, 21.500000000000, 0.176433499462, 0.176440062005, 0.176455664845, 0.176557329215, 0.178462079264, 0.178571428571, 0.178571428571
4400, 22.000000000000, 0.176432472401, 0.176438782872, 0.176453101108, 0.176541230313, 0.178328697004, 0.178571428571, 0.178571428571
4500, 22.500000000000, 0.176431471269, 0.176437567714, 0.176450806786, 0.176526478313, 0.178145888510, 0.178571428571, 0.178571428571
4600, 23.000000000000, 0.176430492936, 0.176436406487, 0.176448732147, 0.176513191951, 0.177950624874, 0.178571428573, 0.178571428571
4700, 23.500000000000, 0.176429534798, 0.176435290895, 0.176446841200, 0.176501520922, 0.177786825273, 0.178571428575, 0.178571428571
4800, 24.000000000000, 0.176428594667, 0.176434214153, 0.176445106256, 0.176491532455, 0.177681798298, 0.178571428570, 0.178571428571
4900, 24.500000000000, 0.176427670693, 0.176433170741, 0.176443504425, 0.176483160589, 0.177617192892, 0.178571428553, 0.178571428571
5000, 25.000000000000, 0.176426761300, 0.176432156164, 0.176442016101, 0.176476238239, 0.177548603896, 0.178571428552, 0.178571428571
5100, 25.500000000000, 0.176425865141, 0.176431166746, 0.176440624307, 0.176470543908, 0.177435201476, 0.178571428615, 0.178571428571
5200, 26.000000000000, 0.176424981059, 0.176430199454, 0.176439314208, 0.176465840173, 0.177269936236, 0.178571428702, 0.178571428571
5300, 26.500000000000, 0.176424108059, 0.176429251760, 0.176438072974, 0.176461905634, 0.177079731855, 0.178571428591, 0.178571428571
5400, 27.000000000000, 0.176423245282, 0.176428321542, 0.176436889761, 0.176458555771, 0.176902603203, 0.178571428074, 0.178571428571
5500, 27.500000000000, 0.176422391983, 0.176427407001, 0.176435755557, 0.176455649413, 0.176766193303, 0.178571427479, 0.178571428571
5600, 28.000000000000, 0.176421547514, 0.176426506605, 0.176434662960, 0.176453084638, 0.176678704193, 0.178571427811, 0.178571428571
5700, 28.500000000000, 0.176420711311, 0.176425619041, 0.176433605934, 0.176450790055, 0.176630612308, 0.178571429392, 0.178571428571
5800, 29.000000000000, 0.176419882878, 0.176424743184, 0.176432579571, 0.176448715633, 0.176603340093, 0.178571429044, 0.178571428571
5900, 29.500000000000, 0.176419061775, 0.176423878065, 0.176431579863, 0.176446825104, 0.176583679563, 0.178571418266, 0.178571428571
6000, 30.000000000000, 0.176418247614, 0.176423022847, 0.176430603516, 0.176445090541, 0.176566000856, 0.178571382901, 0.178571428571
6100, 30.500000000000, 0.176417440049, 0.176422176804, 0.176429647799, 0.176443489028, 0.176549071008, 0.178571292260, 0.178571428571
6200, 31.000000000000, 0.176416638769, 0.176421339307, 0.176428710424, 0.176442000973, 0.176533312908, 0.178571070063, 0.178571428571
6300, 31.500000000000, 0.176415843494, 0.176420509805, 0.176427789462, 0.176440609356, 0.176519207542, 0.178570534337, 0.178571428571
6400, 32.000000000000, 0.176415053971, 0.176419687816, 0.176426883271, 0.176439299371, 0.176506861118, 0.178569300040, 0.178571428571
6500, 32.500000000000, 0.176414269969, 0.176418872912, 0.176425990450, 0.176438058241, 0.176496181764, 0.178566579682, 0.178571428571
6600, 33.000000000000, 0.176413491279, 0.176418064717, 0.176425109797, 0.176436875134, 0.176487075169, 0.178560769378, 0.178571428571
6700, 33.500000000000, 0.176412717707, 0.176417262893, 0.176424240279, 0.176435741042, 0.176479455036, 0.178548910407, 0.178571428572
6800, 34.000000000000, 0.176411949078, 0.176416467138, 0.176423381005, 0.176434648569, 0.176473175471, 0.178525392068, 0.178571428573
6900, 34.500000000000, 0.176411185227, 0.176415677182, 0.176422531204, 0.176433591679, 0.176468016637, 0.178469229899, 0.178571428574
7000, 35.000000000000, 0.176410426003, 0.176414892778, 0.176421690208, 0.176432565459, 0.176463734843, 0.178360747710, 0.178571428570
7100, 35.500000000000, 0.176409671267, 0.176414113704, 0.176420857433, 0.176431565899, 0.176460117500, 0.178206847206, 0.178571428560
7200, 36.000000000000, 0.176408920887, 0.176413339756, 0.176420032368, 0.176430589700, 0.176457004088, 0.178033763852, 0.178571428552
7300, 36.500000000000, 0.176408174741, 0.176412570748, 0.176419214566, 0.176429634130, 0.176454279179, 0.177872081694, 0.178571428564
7400, 37.000000000000, 0.176407432714, 0.176411806510, 0.176418403626, 0.176428696901, 0.176451859065, 0.177741545711, 0.178571428612
7500, 37.500000000000, 0.176406694700, 0.176411046884, 0.176417599197, 0.176427776080, 0.176449682815, 0.177641248093, 0.178571428676
7600, 38.000000000000, 0.176405960598, 0.176410291725, 0.176416800962, 0.176426870027, 0.176447706713, 0.177552944629, 0.178571428678
7700, 38.500000000000, 0.176405230313, 0.176409540897, 0.176416008637, 0.176425977341, 0.176445899033, 0.177454273960, 0.178571428498
7800, 39.000000000000, 0.176404503753, 0.176408794276, 0.176415221966, 0.176425096819, 0.176444235108, 0.177327605594, 0.178571428082
7900, 39.500000000000, 0.176403780836, 0.176408051744, 0.176414440717, 0.176424227429, 0.176442694074, 0.177171854913, 0.178571427592
8000, 40.000000000000, 0.176403061480, 0.176407313191, 0.176413664677, 0.176423368279, 0.176441257588, 0.177003355206, 0.178571427468
8100, 40.500000000000, 0.176402345609, 0.176406578516, 0.176412893654, 0.176422518600, 0.176439909612, 0.176848212565, 0.178571428188
8200, 41.000000000000, 0.176401633151, 0.176405847623, 0.176412127472, 0.176421677722, 0.176438636381, 0.176730006933, 0.178571429662
8300, 41.500000000000, 0.176400924037, 0.176405120420, 0.176411365966, 0.176420845063, 0.176437426222, 0.176658868057, 0.178571430350
8400, 42.000000000000, 0.176400218200, 0.176404396822, 0.176410608987, 0.176420020111, 0.176436269315, 0.176619923178, 0.178571426655
8500, 42.500000000000, 0.176399515579, 0.176403676748, 0.176409856396, 0.176419202419, 0.176435157494, 0.176594647806, 0.178571413461
8600, 43.000000000000, 0.176398816112, 0.176402960122, 0.176409108063, 0.176418391587, 0.176434084062, 0.176575591843, 0.178571382897
8700, 43.500000000000, 0.176398119745, 0.176402246873, 0.176408363867, 0.176417587263, 0.176433043579, 0.176559017526, 0.178571319537
8800, 44.000000000000, 0.176397426420, 0.176401536930, 0.176407623695, 0.176416789131, 0.176432031622, 0.176543254322, 0.178571192227
8900, 44.500000000000, 0.176396736087, 0.176400830230, 0.176406887444, 0.176415996906, 0.176431044569, 0.176528118948, 0.178570940236
9000, 45.000000000000, 0.176396048694, 0.176400126709, 0.176406155013, 0.176415210333, 0.176430079424, 0.176514143820, 0.178570450951
9100, 45.500000000000, 0.176395364194, 0.176399426308, 0.176405426311, 0.176414429180, 0.176429133687, 0.176501917196, 0.178569520758
9200, 46.000000000000, 0.176394682541, 0.176398728973, 0.176404701248, 0.176413653234, 0.176428205259, 0.176491700852, 0.178567784667
9300, 46.500000000000, 0.176394003689, 0.176398034647, 0.176403979744, 0.176412882303, 0.176427292364, 0.176483371237, 0.178564588030
9400, 47.000000000000, 0.176393327596, 0.176397343281, 0.176403261719, 0.176412116211, 0.176426393490, 0.176476578151, 0.178558815512
9500, 47.500000000000, 0.176392654222, 0.176396654824, 0.176402547100, 0.176411354794, 0.176425507342, 0.176470945633, 0.178548773653
9600, 48.000000000000, 0.176391983526, 0.176395969229, 0.176401835816, 0.176410597902, 0.176424632808, 0.176466191984, 0.178532063287
9700, 48.500000000000, 0.176391315470, 0.176395286451, 0.176401127801, 0.176409845395, 0.176423768930, 0.176462144060, 0.178498821001
9800, 49.000000000000, 0.176390650017, 0.176394606448, 0.176400422992, 0.176409097145, 0.176422914882, 0.176458689978, 0.178434756393
9900, 49.500000000000, 0.176389987133, 0.176393929176, 0.176399721328, 0.176408353031, 0.176422069946, 0.176455730133, 0.178335618380
10000, 50.000000000000, 0.176389326782, 0.176393254596, 0.176399022752, 0.176407612940, 0.176421233501, 0.176453159456, 0.178208831580
10100, 50.500000000000, 0.176388668932, 0.176392582670, 0.176398327209, 0.176406876767, 0.176420405001, 0.176450878138, 0.178066368686
10200, 51.000000000000, 0.176388013550, 0.176391913360, 0.176397634646, 0.176406144414, 0.176419583970, 0.176448809713, 0.177920794951
10300, 51.500000000000, 0.176387360606, 0.176391246630, 0.176396945013, 0.176405415787, 0.176418769985, 0.176446908638, 0.177781290762
10400, 52.000000000000, 0.176386710070, 0.176390582446, 0.176396258262, 0.176404690799, 0.176417962673, 0.176445153393, 0.177651430052
10500, 52.500000000000, 0.176386061912, 0.176389920774, 0.176395574347, 0.176403969367, 0.176417161699, 0.176443532534, 0.177529149902
10600, 53.000000000000, 0.176385416106, 0.176389261583, 0.176394893223, 0.176403251413, 0.176416366766, 0.176442033470, 0.177408883548
10700, 53.500000000000, 0.176384772622, 0.176388604842, 0.176394214849, 0.176402536864, 0.176415577603, 0.176440638856, 0.177284994441
10800, 54.000000000000, 0.176384131436, 0.176387950520, 0.176393539183, 0.176401825649, 0.176414793968, 0.176439329247, 0.177155184522
10900, 54.500000000000, 0.176383492521, 0.176387298588, 0.176392866186, 0.176401117702, 0.176414015640, 0.176438087518, 0.177022387332
11000, 55.000000000000, 0.176382855853, 0.176386649018, 0.176392195821, 0.176400412960, 0.176413242417, 0.176436901351, 0.176894808175
11100, 55.500000000000, 0.176382221407, 0.176386001783, 0.176391528050, 0.176399711361, 0.176412474115, 0.176435762837, 0.176782881524
11200, 56.000000000000, 0.176381589161, 0.176385356856, 0.176390862840, 0.176399012850, 0.176411710565, 0.176434666470, 0.176696285826
11300, 56.500000000000, 0.176380959091, 0.176384714212, 0.176390200156, 0.176398317370, 0.176410951609, 0.176433607304, 0.176638837689
11400, 57.000000000000, 0.176380331176, 0.176384073826, 0.176389539965, 0.176397624870, 0.176410197105, 0.176432580269, 0.176603439068
11500, 57.500000000000, 0.176379705393, 0.176383435674, 0.176388882236, 0.176396935299, 0.176409446917, 0.176431580492, 0.176579175126
11600, 58.000000000000, 0.176379081722, 0.176382799732, 0.176388226939, 0.176396248610, 0.176408700922, 0.176430603900, 0.176560500126
11700, 58.500000000000, 0.176378460143, 0.176382165977, 0.176387574043, 0.176395564755, 0.176407959003, 0.176429647515, 0.176545103336
11800, 59.000000000000, 0.176377840635, 0.176381534389, 0.176386923521, 0.176394883692, 0.176407221052, 0.176428709270, 0.176531507609
11900, 59.500000000000, 0.176377223180, 0.176380904944, 0.176386275345, 0.176394205378, 0.176406486967, 0.176427787586, 0.176518797603
12000, 60.000000000000, 0.176376607757, 0.176380277622, 0.176385629488, 0.176393529772, 0.176405756651, 0.176426881014, 0.176506783097
12100, 60.500000000000, 0.176375994350, 0.176379652403, 0.176384985924, 0.176392856836, 0.176405030016, 0.176425988109, 0.176495680502
12200, 61.000000000000, 0.176375382940, 0.176379029267, 0.176384344628, 0.176392186530, 0.176404306976, 0.176425107494, 0.176485882927
12300, 61.500000000000, 0.176374773509, 0.176378408195, 0.176383705576, 0.176391518820, 0.176403587451, 0.176424237981, 0.176477708560
12400, 62.000000000000, 0.176374166040, 0.176377789167, 0.176383068744, 0.176390853669, 0.176402871365, 0.176423378634, 0.176471254606
12500, 62.500000000000, 0.176373560517, 0.176377172166, 0.176382434108, 0.176390191045, 0.176402158646, 0.176422528724, 0.176466324765
12600, 63.000000000000, 0.176372956923, 0.176376557173, 0.176381801648, 0.176389530914, 0.176401449224, 0.176421687656, 0.176462507532
12700, 63.500000000000, 0.176372355243, 0.176375944171, 0.176381171341, 0.176388873246, 0.176400743037, 0.176420854887, 0.176459376829
12800, 64.000000000000, 0.176371755460, 0.176375333143, 0.176380543166, 0.176388218009, 0.176400040021, 0.176420029898, 0.176456623890
12900, 64.500000000000, 0.176371157559, 0.176374724073, 0.176379917102, 0.176387565175, 0.176399340120, 0.176419212200, 0.176454061452
13000, 65.000000000000, 0.176370561526, 0.176374116943, 0.176379293130, 0.176386914714, 0.176398643277, 0.176418401361, 0.176451627547
13100, 65.500000000000, 0.176369967345, 0.176373511739, 0.176378671230, 0.176386266600, 0.176397949438, 0.176417597015, 0.176449340951
13200, 66.000000000000, 0.176369375003, 0.176372908445, 0.176378051383, 0.176385620804, 0.176397258553, 0.176416798855, 0.176447248536
13300, 66.500000000000, 0.176368784486, 0.176372307045, 0.176377433571, 0.176384977303, 0.176396570570, 0.176416006612, 0.176445380756
13400, 67.000000000000, 0.176368195778, 0.176371707525, 0.176376817775, 0.176384336070, 0.176395885444, 0.176415220040, 0.176443731420
13500, 67.500000000000, 0.176367608869, 0.176371109869, 0.176376203977, 0.176383697080, 0.176395203128, 0.176414438908, 0.176442260440
13600, 68.000000000000, 0.176367023743, 0.176370514065, 0.176375592162, 0.176383060311, 0.176394523580, 0.176413662994, 0.176440912053
13700, 68.500000000000, 0.176366440388, 0.176369920097, 0.176374982311, 0.176382425740, 0.176393846759, 0.176412892098, 0.176439635004
13800, 69.000000000000, 0.176365858792, 0.176369327953, 0.176374374409, 0.176381793343, 0.176393172624, 0.176412126037, 0.176438396394
13900, 69.500000000000, 0.176365278942, 0.176368737619, 0.176373768439, 0.176381163099, 0.176392501137, 0.176411364650, 0.176437185089
14000, 70.000000000000, 0.176364700825, 0.176368149081, 0.176373164386, 0.176380534987, 0.176391832262, 0.176410607791, 0.176436006098
14100, 70.500000000000, 0.176364124430, 0.176367562327, 0.176372562234, 0.176379908986, 0.176391165962, 0.176409855323, 0.176434870323
14200, 71.000000000000, 0.176363549746, 0.176366977343, 0.176371961969, 0.176379285076, 0.176390502203, 0.176409107117, 0.176433785294
14300, 71.500000000000, 0.176362976760, 0.176366394119, 0.176371363575, 0.176378663237, 0.176389840952, 0.176408363051, 0.176432750325
14400, 72.000000000000, 0.176362405461, 0.176365812641, 0.176370767038, 0.176378043450, 0.176389182177, 0.176407623011, 0.176431756863
14500, 72.500000000000, 0.176361835838, 0.176365232898, 0.176370172344, 0.176377425697, 0.176388525846, 0.176406886889, 0.176430792412
14600, 73.000000000000, 0.176361267881, 0.176364654877, 0.176369579480, 0.176376809960, 0.176387871931, 0.176406154585, 0.176429845390
14700, 73.500000000000, 0.176360701578, 0.176364078567, 0.176368988431, 0.176376196222, 0.176387220402, 0.176405426010, 0.176428908587
14800, 74.000000000000, 0.176360136919, 0.176363503957, 0.176368399184, 0.176375584466, 0.176386571231, 0.176404701074, 0.176427980101
14900, 74.500000000000, 0.176359573894, 0.176362931035, 0.176367811726, 0.176374974674, 0.176385924391, 0.176403979698, 0.176427061964
15000, 75.000000000000, 0.176359012492, 0.176362359791, 0.176367226045, 0.176374366830, 0.176385279855, 0.176403261802, 0.176426157590
15100, 75.500000000000, 0.176358452703, 0.176361790214, 0.176366642128, 0.176373760919, 0.176384637598, 0.176402547311, 0.176425269395
15200, 76.000000000000, 0.176357894517, 0.176361222294, 0.176366059962, 0.176373156922, 0.176383997595, 0.176401836155, 0.176424397517
15300, 76.500000000000, 0.176357337925, 0.176360656019, 0.176365479535, 0.176372554826, 0.176383359822, 0.176401128267, 0.176423539879
15400, 77.000000000000, 0.176356782917, 0.176360091379, 0.176364900835, 0.176371954614, 0.176382724257, 0.176400423583, 0.176422693221
15500, 77.500000000000, 0.176356229484, 0.176359528365, 0.176364323849, 0.176371356273, 0.176382090876, 0.176399722045, 0.176421854427
15600, 78.000000000000, 0.176355677616, 0.176358966967, 0.176363748567, 0.176370759788, 0.176381459657, 0.176399023593, 0.176421021509
15700, 78.500000000000, 0.176355127304, 0.176358407175, 0.176363174979, 0.176370165144, 0.176380830579, 0.176398328174, 0.176420193922
15800, 79.000000000000, 0.176354578539, 0.176357848978, 0.176362603071, 0.176369572329, 0.176380203620, 0.176397635735, 0.176419372235
15900, 79.500000000000, 0.176354031311, 0.176357292366, 0.176362032834, 0.176368981329, 0.176379578760, 0.176396946226, 0.176418557447
16000, 80.000000000000, 0.176353485610, 0.176356737330, 0.176361464256, 0.176368392129, 0.176378955980, 0.176396259598, 0.176417750305
16100, 80.500000000000, 0.176352941429, 0.176356183862, 0.176360897329, 0.176367804717, 0.176378335261, 0.176395575806, 0.176416950907
16200, 81.000000000000, 0.176352398763, 0.176355631957, 0.176360332044, 0.176367219081, 0.176377716586, 0.176394894803, 0.176416158680
16300, 81.500000000000, 0.176351857606, 0.176355081610, 0.176359768397, 0.176366635210, 0.176377099937, 0.176394216547, 0.176415372649
16400, 82.000000000000, 0.176351317952, 0.176354532812, 0.176359206378, 0.176366053096, 0.176376485294, 0.176393540998, 0.176414591820
16500, 82.500000000000, 0.176350779790, 0.176353985545, 0.176358645970, 0.176365472728, 0.176375872640, 0.176392868119, 0.176413815500
16600, 83.000000000000, 0.176350243101, 0.176353439783, 0.176358087145, 0.176364894088, 0.176375261956, 0.176392197874, 0.176413043423
16700, 83.500000000000, 0.176349707858, 0.176352895496, 0.176357529864, 0.176364317143, 0.176374653225, 0.176391530230, 0.176412275685
16800, 84.000000000000, 0.176349174035, 0.176352352664, 0.176356974103, 0.176363741855, 0.176374046430, 0.176390865148, 0.176411512556
16900, 84.500000000000, 0.176348641624, 0.176351811306, 0.176356419875, 0.176363168198, 0.176373441544, 0.176390202590, 0.176410754267
17000, 85.000000000000, 0.176348110654, 0.176351271493, 0.176355867261, 0.176362596196, 0.176372838539, 0.176389542512, 0.176410000868
17100, 85.500000000000, 0.176347581202, 0.176350733339, 0.176355316405, 0.176362025957, 0.176372237398, 0.176388884877, 0.176409252188
17200, 86.000000000000, 0.176347053378, 0.176350196954, 0.176354767450, 0.176361457651, 0.176371638147, 0.176388229660, 0.176408507904
17300, 86.500000000000, 0.176346527264, 0.176349662344, 0.176354220416, 0.176360891424, 0.176371040882, 0.176387576843, 0.176407767651
17400, 87.000000000000, 0.176346002828, 0.176349129310, 0.176353675059, 0.176360327236, 0.176370445746, 0.176386926419, 0.176407031125
17500, 87.500000000000, 0.176345479849, 0.176348597409, 0.176353130820, 0.176359764700, 0.176369852834, 0.176386278390, 0.176406298148
17600, 88.000000000000, 0.176344957908, 0.176348066092, 0.176352586997, 0.176359203086, 0.176369262030, 0.176385632764, 0.176405568668
17700, 88.500000000000, 0.176344436544, 0.176347535077, 0.176352043247, 0.176358641660, 0.176368672886, 0.176384989564, 0.176404842723
17800, 89.000000000000, 0.176343915646, 0.176347004967, 0.176351500382, 0.176358080475, 0.176368084745, 0.176384348803, 0.176404120383
17900, 89.500000000000, 0.176343396043, 0.176346477943, 0.176350961251, 0.176357521485, 0.176367497298, 0.176383710430, 0.176403401702
18000, 90.000000000000, 0.176342880188, 0.176345958258, 0.176350431284, 0.176356969607, 0.176366911667, 0.176383074281, 0.176402686682
18100, 90.500000000000, 0.176342372616, 0.176345452167, 0.176349918326, 0.176356433217, 0.176366331786, 0.176382440130, 0.176401975255
18200, 91.000000000000, 0.176341879874, 0.176344967100, 0.176349431414, 0.176355923900, 0.176365765617, 0.176381808054, 0.176401267289
18300, 91.500000000000, 0.176341409764, 0.176344510151, 0.176348978552, 0.176355453042, 0.176365227039, 0.176381179257, 0.176400562593
18400, 92.000000000000, 0.176340969830, 0.176344087249, 0.176348566096, 0.176355029539, 0.176364732948, 0.176380557356, 0.176399860952
18500, 92.500000000000, 0.176340566940, 0.176343705235, 0.176348202200, 0.176354662433, 0.176364296702, 0.176379949970, 0.176399162177
18600, 93.000000000000, 0.176340210640, 0.176343379812, 0.176347907782, 0.176354371582, 0.176363931660, 0.176379372034, 0.176398466258
18700, 93.500000000000, 0.176339923406, 0.176343152985, 0.176347739121, 0.176354211454, 0.176363664957, 0.176378845876, 0.176397773749
18800, 94.000000000000, 0.176339761530, 0.176343126775, 0.176347833277, 0.176354317867, 0.176363567562, 0.176378393009, 0.176397086526
18900, 94.500000000000, 0.176339854286, 0.176343540071, 0.176348527971, 0.176355036277, 0.176363815796, 0.176378038811, 0.176396408979
19000, 95.000000000000, 0.176340463842, 0.176344805329, 0.176350380132, 0.176357046116, 0.176364873991, 0.176377835697, 0.176395749859
19100, 95.500000000000, 0.176341977847, 0.176347341967, 0.176353853609, 0.176360965386, 0.176367619070, 0.176377912583, 0.176395126278
19200, 96.000000000000, 0.176344799513, 0.176351451405, 0.176359171511, 0.176367046574, 0.176372735039, 0.176378597377, 0.176394564771
19300, 96.500000000000, 0.176349292807, 0.176357360608, 0.176366413760, 0.176375265895, 0.176380404770, 0.176380738934, 0.176394097278
19400, 97.000000000000, 0.176355811473, 0.176365268027, 0.176375597482, 0.176385452785, 0.176390446938, 0.176385391167, 0.176393772044
19500, 97.500000000000, 0.176364716442, 0.176375359749, 0.176386720033, 0.176397389292, 0.176402486153, 0.176393030804, 0.176393693420
19600, 98.000000000000, 0.176376347145, 0.176387790447, 0.176399758444, 0.176410860395, 0.176416081375, 0.176403563322, 0.176394118374
19700, 98.500000000000, 0.176390951333, 0.176402637177, 0.176414638442, 0.176425646357, 0.176430800787, 0.176416522612, 0.176395762070
19800, 99.000000000000, 0.176408598180, 0.176419840890, 0.176431191332, 0.176441478673, 0.176446243837, 0.176431264648, 0.176399919818
19900, 99.500000000000, 0.176429107648, 0.176439155797, 0.176449119452, 0.176458012286, 0.176462029188, 0.176447121066, 0.176407397348
20000, 100.000000000000, 0.176452020857, 0.176460125197, 0.176467985434, 0.176474853642, 0.176477776037, 0.176463488065, 0.176418245245
20100, 100.500000000000, 0.176476613952, 0.176482093082, 0.176487230155, 0.176491564678, 0.176493102214, 0.176479850440, 0.176431999347
20200, 101.000000000000, 0.176501940761, 0.176504249124, 0.176506217531, 0.176507688676, 0.176507648151, 0.176495766897, 0.176447920242
20300, 101.500000000000, 0.176526892727, 0.176525695983, 0.176524296700, 0.176522804740, 0.176521118654, 0.176510853289, 0.176465198207
20400, 102.000000000000, 0.176550271843, 0.176545521736, 0.176540859167, 0.176536575617, 0.176533323066, 0.176524789576, 0.176483083196
20500, 102.500000000000, 0.176570869521, 0.176562866092, 0.176555381815, 0.176548766802, 0.176544194058, 0.176537352465, 0.176500930251
20600, 103.000000000000, 0.176587563666, 0.176576981998, 0.176567457947, 0.176559245704, 0.176553775496, 0.176548453512, 0.176518190319
20700, 103.500000000000, 0.176599449631, 0.176587304385, 0.176576821025, 0.176567970684, 0.176562184548, 0.176558155268, 0.176534394316
20800, 104.000000000000, 0.176605999168, 0.176593544813, 0.176583369286, 0.176574979214, 0.176569564471, 0.176566648452, 0.176549165433
20900, 104.500000000000, 0.176607233623, 0.176595846128, 0.176587205869, 0.176580381034, 0.176576047117, 0.176574193690, 0.176562262201
21000, 105.000000000000, 0.176603902346, 0.176595034995, 0.176588711795, 0.176584355235, 0.176581737365, 0.176581049802, 0.176573624633
21100, 105.500000000000, 0.176597081796, 0.176592085482, 0.176588625314, 0.176587143719, 0.176586720041, 0.176587416825, 0.176583387676
21200, 106.000000000000, 0.176587973327, 0.176587614965, 0.176587770606, 0.176589033170, 0.176591079403, 0.176593413111, 0.176591841831
21300, 106.500000000000, 0.176577873149, 0.176582220310, 0.176586521634, 0.176590327794, 0.176594917251, 0.176599088084, 0.176599351204
21400, 107.000000000000, 0.176568161778, 0.176576708519, 0.176584912471, 0.176591330923, 0.176598359060, 0.176604456000, 0.176606257695
21500, 107.500000000000, 0.176560203714, 0.176571921888, 0.176583024350, 0.176592342986, 0.176601545439, 0.176609529677, 0.176612806341
21600, 108.000000000000, 0.176555226742, 0.176568590482, 0.176581310233, 0.176593642697, 0.176604613736, 0.176614338239, 0.176619116384
21700, 108.500000000000, 0.176554288578, 0.176567814237, 0.176580693579, 0.176595459174, 0.176607678051, 0.176618924629, 0.176625201901
21800, 109.000000000000, 0.176557964124, 0.176570878169, 0.176583154236, 0.176598013258, 0.176610814529, 0.176623329845, 0.176631025399
21900, 109.500000000000, 0.176566095485, 0.176577911485, 0.176589302133, 0.176601433091, 0.176614054938, 0.176627576117, 0.176636556013
22000, 110.000000000000, 0.176577743601, 0.176587303688, 0.176596808313, 0.176605626826, 0.176617388368, 0.176631659504, 0.176641805404
22100, 110.500000000000, 0.176591430108, 0.176597381715, 0.176603891015, 0.176610237436, 0.176620769890, 0.176635556000, 0.176646828023
22200, 111.000000000000, 0.176605435221, 0.176606860468, 0.176609885339, 0.176614785115, 0.176624134812, 0.176639237856, 0.176651691378
22300, 111.500000000000, 0.176618077381, 0.176615007936, 0.176614958263, 0.176618904897, 0.176627415882, 0.176642691808, 0.176656437058
22400, 112.000000000000, 0.176627902320, 0.176621493386, 0.176619400443, 0.176622481333, 0.176630558936, 0.176645930161, 0.176661056752
22500, 112.500000000000, 0.176633855308, 0.176626143651, 0.176623288021, 0.176625605804, 0.176633532440, 0.176648989521, 0.176665497540
22600, 113.000000000000, 0.176635686494, 0.176628900393, 0.176626478650, 0.176628422575, 0.176636329243, 0.176651918442, 0.176669692695
22700, 113.500000000000, 0.176634731421, 0.176629931485, 0.176628799083, 0.176630994308, 0.176638961830, 0.176654760591, 0.176673598887
22800, 114.000000000000, 0.176631935041, 0.176629703442, 0.176630215638, 0.176633285157, 0.176641453275, 0.176657541454, 0.176677217543
22900, 114.500000000000, 0.176627852337, 0.176628793829, 0.176630888662, 0.176635244767, 0.176643826489, 0.176660263932, 0.176680589538
23000, 115.000000000000, 0.176623003524, 0.176627492402, 0.176631113954, 0.176636894449, 0.176646096588, 0.176662913610, 0.176683770461
23100, 115.500000000000, 0.176618289977, 0.176625757829, 0.176631220091, 0.176638341368, 0.176648271269, 0.176665470437, 0.176686805529
23200, 116.000000000000, 0.176614699286, 0.176623851977, 0.176631498988, 0.176639730917, 0.176650357792, 0.176667921312, 0.176689720223
23300, 116.500000000000, 0.176613345617, 0.176622404557, 0.176632192552, 0.176641191736, 0.176652367928, 0.176670267839, 0.176692528130
23400, 117.000000000000, 0.176615055573, 0.176623170819, 0.176633498293, 0.176642801190, 0.176654314299, 0.176672525642, 0.176695243668
23500, 117.500000000000, 0.176619915691, 0.176627105138, 0.176635528288, 0.176644568537, 0.176656201858, 0.176674715711, 0.176697885768
23600, 118.000000000000, 0.176626915143, 0.176632485554, 0.176638223711, 0.176646450019, 0.176658024075, 0.176676852580, 0.176700469361
23700, 118.500000000000, 0.176634637727, 0.176637752858, 0.176641303199, 0.176648389567, 0.176659768483, 0.176678935986, 0.176702994220
23800, 119.000000000000, 0.176641656845, 0.176641997777, 0.176644335349, 0.176650336224, 0.176661427370, 0.176680950467, 0.176705443558
23900, 119.500000000000, 0.176646810269, 0.176645129106, 0.176646937868, 0.176652229344, 0.176663005298, 0.176682872338, 0.176707795772
24000, 120.000000000000, 0.176649435945, 0.176647297796, 0.176648948913, 0.176653995187, 0.176664517816, 0.176684679359, 0.176710040427
24100, 120.500000000000, 0.176649871083, 0.176648700849, 0.176650431457, 0.176655574835, 0.176665982818, 0.176686358057, 0.176712185377
24200, 121.000000000000, 0.176649657241, 0.176649471361, 0.176651541355, 0.176656950900, 0.176667411255, 0.176687906823, 0.176714249328
24300, 121.500000000000, 0.176649059681, 0.176649732041, 0.176652402483, 0.176658146704, 0.176668802065, 0.176689336289, 0.176716246504
24400, 122.000000000000, 0.176647917178, 0.176649629129, 0.176653073903, 0.176659206191, 0.176670142032, 0.176690669012, 0.176718176346
24500, 122.500000000000, 0.176646333127, 0.176649320130, 0.176653595164, 0.176660174270, 0.176671411158, 0.176691938043, 0.176720025833
24600, 123.000000000000, 0.176644592875, 0.176648967682, 0.176654042918, 0.176661087948, 0.176672593462, 0.176693181590, 0.176721780210
24700, 123.500000000000, 0.176643148945, 0.176648768154, 0.176654530919, 0.176661976449, 0.176673687800, 0.176694432143, 0.176723430917
24800, 124.000000000000, 0.176642744529, 0.176648973481, 0.176655151922, 0.176662862795, 0.176674710350, 0.176695703243, 0.176724974347
24900, 124.500000000000, 0.176644286460, 0.176649817754, 0.176655972821, 0.176663762051, 0.176675686031, 0.176696981737, 0.176726406554
25000, 125.000000000000, 0.176647134366, 0.176651361979, 0.176657009618, 0.176664677044, 0.176676634302, 0.176698232540, 0.176727724384
25100, 125.500000000000, 0.176650400925, 0.176653389687, 0.176658212969, 0.176665595812, 0.176677558107, 0.176699415416, 0.176728935804
25200, 126.000000000000, 0.176653421768, 0.176655480073, 0.176659477578, 0.176666494750, 0.176678442908, 0.176700504147, 0.176730069228
25300, 126.500000000000, 0.176655925487, 0.176657272171, 0.176660684523, 0.176667347307, 0.176679267028, 0.176701495774, 0.176731168562
25400, 127.000000000000, 0.176657791201, 0.176658604665, 0.176661736975, 0.176668133150, 0.176680016156, 0.176702404693, 0.176732273009
25500, 127.500000000000, 0.176658839455, 0.176659493402, 0.176662580808, 0.176668842232, 0.176680691002, 0.176703247725, 0.176733396348
25600, 128.000000000000, 0.176659030870, 0.176660016713, 0.176663210781, 0.176669473028, 0.176681303517, 0.176704032163, 0.176734522493
25700, 128.500000000000, 0.176658675751, 0.176660244420, 0.176663659196, 0.176670029123, 0.176681867371, 0.176704754457, 0.176735619673
25800, 129.000000000000, 0.176658194642, 0.176660238365, 0.176663973460, 0.176670517868, 0.176682391817, 0.176705407504, 0.176736659606
25900, 129.500000000000, 0.176657635537, 0.176660078622, 0.176664196051, 0.176670950381, 0.176682882678, 0.176705989108, 0.176737626865
26000, 130.000000000000, 0.176656863429, 0.176659867688, 0.176664359646, 0.176671339881, 0.176683346493, 0.176706506412, 0.176738516704
26100, 130.500000000000, 0.176656052719, 0.176659709769, 0.176664499872, 0.176671697939, 0.176683790713, 0.176706975686, 0.176739330817
26200, 131.000000000000, 0.176655504404, 0.176659693797, 0.176664666169, 0.176672031565, 0.176684217968, 0.176707417848, 0.176740077533
26300, 131.500000000000, 0.176655685427, 0.176659881182, 0.176664901037, 0.176672343280, 0.176684621247, 0.176707850245, 0.176740771764
26400, 132.000000000000, 0.176656656401, 0.176660291766, 0.176665212855, 0.176672632907, 0.176684987767, 0.176708278646, 0.176741426757
26500, 132.500000000000, 0.176657877425, 0.176660891258, 0.176665579772, 0.176672898347, 0.176685308609, 0.176708696004, 0.176742040282
26600, 133.000000000000, 0.176659055506, 0.176661590294, 0.176665964576, 0.176673134562, 0.176685582697, 0.176709089473, 0.176742589532
26700, 133.500000000000, 0.176660087056, 0.176662264800, 0.176666323394, 0.176673334139, 0.176685810622, 0.176709448907, 0.176743045167
26800, 134.000000000000, 0.176660912387, 0.176662797805, 0.176666614867, 0.176673491005, 0.176685987454, 0.176709769441, 0.176743396495
26900, 134.500000000000, 0.176661455561, 0.176663121113, 0.176666809918, 0.176673600633, 0.176686104577, 0.176710048164, 0.176743666130
27000, 135.000000000000, 0.176661596427, 0.176663223847, 0.176666895862, 0.176673655578, 0.176686158050, 0.176710280228, 0.176743899759
27100, 135.500000000000, 0.176661304083, 0.176663130790, 0.176666871884, 0.176673646715, 0.176686153173, 0.176710458206, 0.176744138815
27200, 136.000000000000, 0.176660788893, 0.176662881132, 0.176666743202, 0.176673572613, 0.176686101116, 0.176710575022, 0.176744398481
27300, 136.500000000000, 0.176660195711, 0.176662520135, 0.176666525412, 0.176673443947, 0.176686012953, 0.176710628664, 0.176744666560
27400, 137.000000000000, 0.176659531409, 0.176662093729, 0.176666249798, 0.176673274708, 0.176685896870, 0.176710624801, 0.176744919227
27500, 137.500000000000, 0.176658761596, 0.176661641377, 0.176665948030, 0.176673073077, 0.176685757814, 0.176710573730, 0.176745137607
27600, 138.000000000000, 0.176657995817, 0.176661195842, 0.176665639210, 0.176672843283, 0.176685596669, 0.176710483443, 0.176745313782
27700, 138.500000000000, 0.176657484685, 0.176660791789, 0.176665334407, 0.176672589335, 0.176685410096, 0.176710355930, 0.176745447246
27800, 139.000000000000, 0.176657341595, 0.176660465998, 0.176665030802, 0.176672313639, 0.176685193455, 0.176710191152, 0.176745539299
27900, 139.500000000000, 0.176657412035, 0.176660242526, 0.176664724373, 0.176672015473, 0.176684944668, 0.176709994139, 0.176745589971
28000, 140.000000000000, 0.176657528884, 0.176660102994, 0.176664409580, 0.176671691748, 0.176684664692, 0.176709776314, 0.176745596953
28100, 140.500000000000, 0.176657579921, 0.176659982512, 0.176664083011, 0.176671338941, 0.176684354370, 0.176709547871, 0.176745555235
28200, 141.000000000000, 0.176657516608, 0.176659798866, 0.176663743088, 0.176670952999, 0.176684011530, 0.176709308352, 0.176745458271
28300, 141.500000000000, 0.176657317956, 0.176659495926, 0.176663374750, 0.176670527879, 0.176683631123, 0.176709046093, 0.176745301646
28400, 142.000000000000, 0.176656969253, 0.176659061596, 0.176662953653, 0.176670058658, 0.176683207940, 0.176708748569, 0.176745087448
28500, 142.500000000000, 0.176656459813, 0.176658512955, 0.176662454498, 0.176669545218, 0.176682739817, 0.176708412924, 0.176744825540
28600, 143.000000000000, 0.176655786139, 0.176657868341, 0.176661865206, 0.176668990060, 0.176682229096, 0.176708044728, 0.176744529896
28700, 143.500000000000, 0.176654955661, 0.176657138517, 0.176661195674, 0.176668394522, 0.176681681208, 0.176707647062, 0.176744212288
28800, 144.000000000000, 0.176653998166, 0.176656328989, 0.176660469878, 0.176667757708, 0.176681101609, 0.176707214091, 0.176743877817
28900, 144.500000000000, 0.176652960179, 0.176655452269, 0.176659706854, 0.176667080430, 0.176680493666, 0.176706737034, 0.176743524972
29000, 145.000000000000, 0.176651895558, 0.176654528803, 0.176658912361, 0.176666370046, 0.176679858615, 0.176706214122, 0.176743149232
29100, 145.500000000000, 0.176650852962, 0.176653586472, 0.176658085696, 0.176665632992, 0.176679196492, 0.176705652032, 0.176742747042
29200, 146.000000000000, 0.176649869820, 0.176652649746, 0.176657230315, 0.176664865886, 0.176678507055, 0.176705058542, 0.176742317662
29300, 146.500000000000, 0.176648960951, 0.176651732761, 0.176656356251, 0.176664066132, 0.176677790498, 0.176704436668, 0.176741862574
29400, 147.000000000000, 0.176648117711, 0.176650833513, 0.176655472360, 0.176663240597, 0.176677047471, 0.176703786195, 0.176741383674
29500, 147.500000000000, 0.176647305602, 0.176649938259, 0.176654578483, 0.176662393246, 0.176676278204, 0.176703108188, 0.176740881581
29600, 148.000000000000, 0.176646484203, 0.176649028682, 0.176653666033, 0.176661517956, 0.176675481674, 0.176702405990, 0.176740354703
29700, 148.500000000000, 0.176645615033, 0.176648087311, 0.176652724515, 0.176660608390, 0.176674655669, 0.176701682506, 0.176739799193
29800, 149.000000000000, 0.176644672509, 0.176647100207, 0.176651746490, 0.176659664560, 0.176673797716, 0.176700937985, 0.176739209898
29900, 149.500000000000, 0.176643643495, 0.176646059808, 0.176650728472, 0.176658689262, 0.176672906295, 0.176700170601, 0.176738582232
30000, 150.000000000000, 0.176642525355, 0.176644961233, 0.176649670107, 0.176657683854, 0.176671981491, 0.176699378417, 0.176737914315
30100, 150.500000000000, 0.176641322979, 0.176643804238, 0.176648572977, 0.176656648028, 0.176671024816, 0.176698560561, 0.176737208088
30200, 151.000000000000, 0.176640047953, 0.176642593289, 0.176647439658, 0.176655581745, 0.176670038637, 0.176697716977, 0.176736468394
30300, 151.500000000000, 0.176638719586, 0.176641338358, 0.176646272812, 0.176654486279, 0.176669025403, 0.176696847361, 0.176735700481
30400, 152.000000000000, 0.176637356579, 0.176640052980, 0.176645075005, 0.176653363546, 0.176667986884, 0.176695950204, 0.176734907724
30500, 152.500000000000, 0.176635981713, 0.176638749681, 0.176643849111, 0.176652214956, 0.176666924009, 0.176695022834, 0.176734091143
30600, 153.000000000000, 0.176634611819, 0.176637437822, 0.176642598520, 0.176651040826, 0.176665837188, 0.176694062781, 0.176733250534
30700, 153.500000000000, 0.176633258250, 0.176636121230, 0.176641326721, 0.176649840757, 0.176664726506, 0.176693069715, 0.176732385540
30800, 154.000000000000, 0.176631924666, 0.176634799444, 0.176640036591, 0.176648614660, 0.176663591870, 0.176692046382, 0.176731495623
30900, 154.500000000000, 0.176630605585, 0.176633468735, 0.176638729425, 0.176647363269, 0.176662433107, 0.176690997485, 0.176730579717
31000, 155.000000000000, 0.176629289957, 0.176632124549, 0.176637404429, 0.176646087538, 0.176661249649, 0.176689927153, 0.176729637019
31100, 155.500000000000, 0.176627962097, 0.176630761500, 0.176636058792, 0.176644787641, 0.176660040385, 0.176688836859, 0.176728668783
31200, 156.000000000000, 0.176626606560, 0.176629374772, 0.176634688497, 0.176643462548, 0.176658804344, 0.176687725236, 0.176727679112
31300, 156.500000000000, 0.176625210651, 0.176627959681, 0.176633289640, 0.176642110412, 0.176657541509, 0.176686589707, 0.176726673191
31400, 157.000000000000, 0.176623767546, 0.176626512643, 0.176631859646, 0.176640729450, 0.176656252740, 0.176685428663, 0.176725653963
31500, 157.500000000000, 0.176622276514, 0.176625031325, 0.176630397862, 0.176639318819, 0.176654938940, 0.176684242910, 0.176724619965
31600, 158.000000000000, 0.176620742576, 0.176623515395, 0.176628905311, 0.176637879097, 0.176653600325, 0.176683035772, 0.176723565875
31700, 158.500000000000, 0.176619174178, 0.176621966483, 0.176627383813, 0.176636412057, 0.176652236389, 0.176681811746, 0.176722484841
31800, 159.000000000000, 0.176617581124, 0.176620387714, 0.176625834848, 0.176634919825, 0.176650846696, 0.176680574045, 0.176721370787
31900, 159.500000000000, 0.176615972383, 0.176618783005, 0.176624258692, 0.176633403809, 0.176649431996, 0.176679322179, 0.176720220088
32000, 160.000000000000, 0.176614353585, 0.176617155700, 0.176622654216, 0.176631863934, 0.176647994629, 0.176678051366, 0.176719032977
32100, 160.500000000000, 0.176612726254, 0.176615507502, 0.176621019276, 0.176630298574, 0.176646537580, 0.176676754940, 0.176717814390
32200, 161.000000000000, 0.176611087250, 0.176613837679, 0.176619351609, 0.176628705155, 0.176645062690, 0.176675428667, 0.176716573002
32300, 161.500000000000, 0.176609430182, 0.176612141976, 0.176617649441, 0.176627081119, 0.176643569421, 0.176674073935, 0.176715318050
32400, 162.000000000000, 0.176607743051, 0.176610413819, 0.176615911941, 0.176625424890, 0.176642055232, 0.176672697214, 0.176714055564
32500, 162.500000000000, 0.176606010339, 0.176608644170, 0.176614138874, 0.176623736576, 0.176640517436, 0.176671305950, 0.176712786294
32600, 163.000000000000, 0.176604221248, 0.176606823497, 0.176612330047, 0.176622018197, 0.176638955314, 0.176669903797, 0.176711506080
32700, 163.500000000000, 0.176602364020, 0.176604943125, 0.176610484596, 0.176620273287, 0.176637371056, 0.176668488454, 0.176710207679
32800, 164.000000000000, 0.176600428753, 0.176602996434, 0.176608600569, 0.176618505838, 0.176635768864, 0.176667053365, 0.176708883034
32900, 164.500000000000, 0.176598405214, 0.176600978926, 0.176606674903, 0.176616718819, 0.176634152728, 0.176665591976, 0.176707525827
33000, 165.000000000000, 0.176596289979, 0.176598889992, 0.176604704029, 0.176614912876, 0.176632524285, 0.176664101773, 0.176706133934
33100, 165.500000000000, 0.176594081796, 0.176596730122, 0.176602684784, 0.176613085905, 0.176630882113, 0.176662585587, 0.176704710160
33200, 166.000000000000, 0.176591779593, 0.176594500898, 0.176600615543, 0.176611233889, 0.176629222883, 0.176661049462, 0.176703259943
33300, 166.500000000000, 0.176589388101, 0.176592204947, 0.176598497020, 0.176609352703, 0.176627543553, 0.176659498840, 0.176701787338
33400, 167.000000000000, 0.176586911974, 0.176589842458, 0.176596332587, 0.176607440078, 0.176625843259, 0.176657936052, 0.176700292894
33500, 167.500000000000, 0.176584352360, 0.176587414718, 0.176594127625, 0.176605496969, 0.176624124028, 0.176656360839, 0.176698775539
33600, 168.000000000000, 0.176581712320, 0.176584921360, 0.176591888558, 0.176603527834, 0.176622390313, 0.176654772673, 0.176697236288
33700, 168.500000000000, 0.176578993316, 0.176582362582, 0.176589621539, 0.176601539890, 0.176620647839, 0.176653171992, 0.176695679295
33800, 169.000000000000, 0.176576191921, 0.176579739933, 0.176587331837, 0.176599541637, 0.176618902155, 0.176651559138, 0.176694108630
33900, 169.500000000000, 0.176573307890, 0.176577057295, 0.176585023419, 0.176597541306, 0.176617157215, 0.176649932782, 0.176692524167
34000, 170.000000000000, 0.176570342872, 0.176574320255, 0.176582699253, 0.176595545625, 0.176615414431, 0.176648290342, 0.176690921314
34100, 170.500000000000, 0.176567303630, 0.176571538159, 0.176580362053, 0.176593559249, 0.176613672671, 0.176646630344, 0.176689295219
34200, 171.000000000000, 0.176564201790, 0.176568722394, 0.176578014756, 0.176591584673, 0.176611929217, 0.176644954021, 0.176687645289
34300, 171.500000000000, 0.176561051398, 0.176565884913, 0.176575661765, 0.176589622659, 0.176610181149, 0.176643264101, 0.176685975739
34400, 172.000000000000, 0.176557870572, 0.176563041349, 0.176573309281, 0.176587672946, 0.176608426407, 0.176641562011, 0.176684292151
34500, 172.500000000000, 0.176554686145, 0.176560205105, 0.176570965601, 0.176585735153, 0.176606664266, 0.176639846557, 0.176682597554
34600, 173.000000000000, 0.176551513857, 0.176557391510, 0.176568641044, 0.176583809523, 0.176604895404, 0.176638115393, 0.176680890846
34700, 173.500000000000, 0.176548373639, 0.176554615203, 0.176566346751, 0.176581897387, 0.176603121833, 0.176636367447, 0.176679167483
34800, 174.000000000000, 0.176545289435, 0.176551890146, 0.176564094242, 0.176580001359, 0.176601346678, 0.176634603502, 0.176677420960
34900, 174.500000000000, 0.176542279664, 0.176549230866, 0.176561894876, 0.176578125534, 0.176599573667, 0.176632824399, 0.176675644554
35000, 175.000000000000, 0.176539361201, 0.176546652767, 0.176559759322, 0.176576275595, 0.176597806335, 0.176631028890, 0.176673833531
35100, 175.500000000000, 0.176536556610, 0.176544169859, 0.176557698105, 0.176574458553, 0.176596047291, 0.176629213467, 0.176671987223
35200, 176.000000000000, 0.176533883001, 0.176541799331, 0.176555720682, 0.176572682097, 0.176594297914, 0.176627374455, 0.176670109374
35300, 176.500000000000, 0.176531360604, 0.176539556421, 0.176553836502, 0.176570953481, 0.176592558591, 0.176625510573, 0.176668205886
35400, 177.000000000000, 0.176529009215, 0.176537457931, 0.176552054021, 0.176569278831, 0.176590829159, 0.176623623843, 0.176666281159
35500, 177.500000000000, 0.176526850214, 0.176535521156, 0.176550381308, 0.176567662907, 0.176589109180, 0.176621718361, 0.176664335406
35600, 178.000000000000, 0.176524904216, 0.176533760431, 0.176548824943, 0.176566109090, 0.176587397958, 0.176619798162, 0.176662364808
35700, 178.500000000000, 0.176523191617, 0.176532192151, 0.176547390355, 0.176564619100, 0.176585694546, 0.176617865692, 0.176660364434
35800, 179.000000000000, 0.176521729286, 0.176530829432, 0.176546080939, 0.176563192793, 0.176583997831, 0.176615921283, 0.176658332011
35900, 179.500000000000, 0.176520533320, 0.176529683808, 0.176544897190, 0.176561828448, 0.176582306682, 0.176613963155, 0.176656269855
36000, 180.000000000000, 0.176519615145, 0.176528765103, 0.176543838988, 0.176560523092, 0.176580620164, 0.176611987437, 0.176654183455
36100, 180.500000000000, 0.176518984207, 0.176528078735, 0.176542904435, 0.176559272873, 0.176578937701, 0.176609988316, 0.176652077624
36200, 181.000000000000, 0.176518647223, 0.176527628029, 0.176542096886, 0.176558073757, 0.176577258794, 0.176607958707, 0.176649953082
36300, 181.500000000000, 0.176518608312, 0.176527411787, 0.176541417195, 0.176556921500, 0.176575582407, 0.176605891577, 0.176647805936
36400, 182.000000000000, 0.176518864394, 0.176527427301, 0.176540868276, 0.176555811613, 0.176573906356, 0.176603781560, 0.176645630204
36500, 182.500000000000, 0.176519414237, 0.176527666759, 0.176540450949, 0.176554739033, 0.176572226882, 0.176601626270, 0.176643421303
36600, 183.000000000000, 0.176520248307, 0.176528122689, 0.176540164423, 0.176553698553, 0.176570538623, 0.176599426666, 0.176641178119
36700, 183.500000000000, 0.176521355202, 0.176528789147, 0.176539999396, 0.176552684807, 0.176568835302, 0.176597186001, 0.176638902516
36800, 184.000000000000, 0.176522722828, 0.176529651737, 0.176539942933, 0.176551693161, 0.176567110922, 0.176594907631, 0.176636596868
36900, 184.500000000000, 0.176524328201, 0.176530694762, 0.176539987488, 0.176550717847, 0.176565360552, 0.176592592993, 0.176634261366
37000, 185.000000000000, 0.176526154725, 0.176531906199, 0.176540115470, 0.176549752939, 0.176563580053, 0.176590241060, 0.176631892956
37100, 185.500000000000, 0.176528176181, 0.176533257150, 0.176540311704, 0.176548791537, 0.176561765832, 0.176587849366, 0.176629486606
37200, 186.000000000000, 0.176530365273, 0.176534720071, 0.176540558852, 0.176547826639, 0.176559914802, 0.176585415506, 0.176627037681
37300, 186.500000000000, 0.176532691499, 0.176536262536, 0.176540840213, 0.176546851229, 0.176558023712, 0.176582937936, 0.176624543287
37400, 187.000000000000, 0.176535123750, 0.176537862059, 0.176541132052, 0.176545856854, 0.176556088649, 0.176580415814, 0.176622001673
37500, 187.500000000000, 0.176537625811, 0.176539479447, 0.176541418248, 0.176544834209, 0.176554104688, 0.176577848371, 0.176619410815
37600, 188.000000000000, 0.176540162867, 0.176541092378, 0.176541673603, 0.176543772678, 0.176552065818, 0.176575234214, 0.176616768105
37700, 188.500000000000, 0.176542694592, 0.176542675873, 0.176541875092, 0.176542659588, 0.176549965267, 0.176572570726, 0.176614071534
37800, 189.000000000000, 0.176545183008, 0.176544202251, 0.176541998752, 0.176541480994, 0.176547795352, 0.176569854096, 0.176611321081
37900, 189.500000000000, 0.176547590222, 0.176545634350, 0.176542034038, 0.176540222381, 0.176545547907, 0.176567080390, 0.176608518980
38000, 190.000000000000, 0.176549871463, 0.176546955756, 0.176541961814, 0.176538868476, 0.176543214922, 0.176564246950, 0.176605668982
38100, 190.500000000000, 0.176551991365, 0.176548131984, 0.176541750696, 0.176537403165, 0.176540788173, 0.176561352590, 0.176602775467
38200, 191.000000000000, 0.176553908794, 0.176549120649, 0.176541379977, 0.176535810069, 0.176538259183, 0.176558396126, 0.176599842717
38300, 191.500000000000, 0.176555584360, 0.176549897653, 0.176540830755, 0.176534073157, 0.176535619881, 0.176555374747, 0.176596874063
38400, 192.000000000000, 0.176556983326, 0.176550431072, 0.176540076456, 0.176532176675, 0.176532863050, 0.176552284117, 0.176593871236
38500, 192.500000000000, 0.176558065487, 0.176550683524, 0.176539083926, 0.176530105412, 0.176529982267, 0.176549120238, 0.176590834843
38600, 193.000000000000, 0.176558802212, 0.176550631336, 0.176537835981, 0.176527845213, 0.176526971138, 0.176545881123, 0.176587765615
38700, 193.500000000000, 0.176559154189, 0.176550245306, 0.176536316892, 0.176525382956, 0.176523823540, 0.176542566512, 0.176584664452
38800, 194.000000000000, 0.176559088139, 0.176549495050, 0.176534506632, 0.176522706986, 0.176520534218, 0.176539176134, 0.176581530430
38900, 194.500000000000, 0.176558577915, 0.176548353807, 0.176532388813, 0.176519806264, 0.176517098851, 0.176535708623, 0.176578359396
39000, 195.000000000000, 0.176557587168, 0.176546798268, 0.176529945402, 0.176516670726, 0.176513513622, 0.176532162151, 0.176575146076
39100, 195.500000000000, 0.176556086647, 0.176544802498, 0.176527162356, 0.176513291044, 0.176509775090, 0.176528535612, 0.176571887835
39200, 196.000000000000, 0.176554054442, 0.176542343200, 0.176524024366, 0.176509658426, 0.176505880128, 0.176524828882, 0.176568585163
39300, 196.500000000000, 0.176551464011, 0.176539404914, 0.176520518276, 0.176505766186, 0.176501825615, 0.176521041970, 0.176565238344
39400, 197.000000000000, 0.176548290760, 0.176535966906, 0.176516634314, 0.176501607824, 0.176497608274, 0.176517174090, 0.176561845449
39500, 197.500000000000, 0.176544525741, 0.176532014692, 0.176512361900, 0.176497177595, 0.176493225027, 0.176513223792, 0.176558404521
39600, 198.000000000000, 0.176540150972, 0.176527538633, 0.176507693600, 0.176492471829, 0.176488673997, 0.176509190369, 0.176554916182
39700, 198.500000000000, 0.176535157056, 0.176522527161, 0.176502623797, 0.176487487503, 0.176483954832, 0.176505074848, 0.176551382818
39800, 199.000000000000, 0.176529543019, 0.176516974862, 0.176497147473, 0.176482222117, 0.176479067725, 0.176500878414, 0.176547806600
39900, 199.500000000000, 0.176523304525, 0.176510878847, 0.176491262243, 0.176476674687, 0.176474013366, 0.176496599473, 0.176544189751
40000, 200.000000000000, 0.176516442299, 0.176504238430, 0.176484966610, 0.176470846869, 0.176468793695, 0.176492234038, 0.176540535477
40100, 200.500000000000, 0.176508961763, 0.176497054740, 0.176478262037, 0.176464740221, 0.176463410303, 0.176487780907, 0.176536846822
40200, 201.000000000000, 0.176500868296, 0.176489333426, 0.176471151082, 0.176458355865, 0.176457863167, 0.176483245416, 0.176533125466
40300, 201.500000000000, 0.176492169007, 0.176481080465, 0.176463638203, 0.176451696777, 0.176452151881, 0.176478635490, 0.176529373336
40400, 202.000000000000, 0.176482874898, 0.176472304066, 0.176455730124, 0.176444766143, 0.176446276995, 0.176473953907, 0.176525594503
40500, 202.500000000000, 0.176473000170, 0.176463016583, 0.176447433996, 0.176437568655, 0.176440242039, 0.176469196667, 0.176521793000
40600, 203.000000000000, 0.176462558495, 0.176453230559, 0.176438759542, 0.176430111590, 0.176434054781, 0.176464359537, 0.176517968502
40700, 203.500000000000, 0.176451568960, 0.176442961162, 0.176429717992, 0.176422403144, 0.176427724550, 0.176459444827, 0.176514116628
40800, 204.000000000000, 0.176440052189, 0.176432227161, 0.176420321265, 0.176414452651, 0.176421257544, 0.176454461599, 0.176510235217
40900, 204.500000000000, 0.176428034324, 0.176421048329, 0.176410584332, 0.176406270031, 0.176414655373, 0.176449419961, 0.176506328396
41000, 205.000000000000, 0.176415534856, 0.176409445821, 0.176400523139, 0.176397865839, 0.176407918615, 0.176444324434, 0.176502401327
41100, 205.500000000000, 0.176402587166, 0.176397443799, 0.176390154181, 0.176389251211, 0.176401051110, 0.176439172085, 0.176498451844
41200, 206.000000000000, 0.176389221076, 0.176385069515, 0.176379496705, 0.176380437496, 0.176394061011, 0.176433958651, 0.176494471873
41300, 206.500000000000, 0.176375473938, 0.176372347327, 0.176368570153, 0.176371437209, 0.176386959118, 0.176428687651, 0.176490458879
41400, 207.000000000000, 0.176361370422, 0.176359305892, 0.176357394391, 0.176362263396, 0.176379757141, 0.176423371636, 0.176486422075
41500, 207.500000000000, 0.176346953322, 0.176345977795, 0.176345991064, 0.176352929338, 0.176372466580, 0.176418022731, 0.176482372246
41600, 208.000000000000, 0.176332262684, 0.176332387479, 0.176334381940, 0.176343449340, 0.176365097505, 0.176412643706, 0.176478307430
41700, 208.500000000000, 0.176317299743, 0.176318567534, 0.176322589231, 0.176333837975, 0.176357657811, 0.176407230360, 0.176474217005
41800, 209.000000000000, 0.176302121670, 0.176304550020, 0.176310635960, 0.176324110325, 0.176350154106, 0.176401781325, 0.176470100387
41900, 209.500000000000, 0.176286763471, 0.176290365075, 0.176298545625, 0.176314282330, 0.176342592878, 0.176396303600, 0.176465972057
42000, 210.000000000000, 0.176271260262, 0.176276039469, 0.176286341888, 0.176304370247, 0.176334980605, 0.176390808982, 0.176461844670
42100, 210.500000000000, 0.176255641735, 0.176261612200, 0.176274048769, 0.176294390743, 0.176327325105, 0.176385305656, 0.176457715235
42200, 211.000000000000, 0.176239936486, 0.176247116443, 0.176261690620, 0.176284360838, 0.176319636445, 0.176379793751, 0.176453573410
42300, 211.500000000000, 0.176224207759, 0.176232575560, 0.176249291968, 0.176274297503, 0.176311925156, 0.176374270493, 0.176449420999
42400, 212.000000000000, 0.176208486714, 0.176218025083, 0.176236876949, 0.176264217669, 0.176304202821, 0.176368738650, 0.176445271938
42500, 212.500000000000, 0.176192801440, 0.176203501173, 0.176224470189, 0.176254138155, 0.176296483524, 0.176363207111, 0.176441135657
42600, 213.000000000000, 0.176177176055, 0.176189034968, 0.176212095956, 0.176244075631, 0.176288780847, 0.176357683978, 0.176437015228
42700, 213.500000000000, 0.176161663542, 0.176174649868, 0.176199777368, 0.176234046684, 0.176281105138, 0.176352173621, 0.176432917440
42800, 214.000000000000, 0.176146298152, 0.176160376683, 0.176187538634, 0.176224067715, 0.176273464907, 0.176346679598, 0.176428839909
42900, 214.500000000000, 0.176131085798, 0.176146250431, 0.176175402732, 0.176214154900, 0.176265868554, 0.176341206991, 0.176424783691
43000, 215.000000000000, 0.176116069703, 0.176132294815, 0.176163391407, 0.176204324164, 0.176258325057, 0.176335759353, 0.176420758568
43100, 215.500000000000, 0.176101286859, 0.176118535596, 0.176151526546, 0.176194591117, 0.176250843796, 0.176330339769, 0.176416767328
43200, 216.000000000000, 0.176086760589, 0.176104999702, 0.176139829663, 0.176184971000, 0.176243434107, 0.176324956700, 0.176412818194
43300, 216.500000000000, 0.176072517259, 0.176091713137, 0.176128321008, 0.176175478581, 0.176236105004, 0.176319632264, 0.176408913794
43400, 217.000000000000, 0.176058587584, 0.176078701026, 0.176117019477, 0.176166128194, 0.176228865249, 0.176314363993, 0.176405050589
43500, 217.500000000000, 0.176045000159, 0.176065983831, 0.176105943744, 0.176156933766, 0.176221723555, 0.176309157180, 0.176401235250
43600, 218.000000000000, 0.176031772948, 0.176053582941, 0.176095111675, 0.176147908731, 0.176214688754, 0.176304020111, 0.176397482883
43700, 218.500000000000, 0.176018927465, 0.176041519353, 0.176084539916, 0.176139065986, 0.176207769259, 0.176298955410, 0.176393799403
43800, 219.000000000000, 0.176006485796, 0.176029811426, 0.176074243928, 0.176130417852, 0.176200973131, 0.176293966998, 0.176390172695
43900, 219.500000000000, 0.175994464376, 0.176018476101, 0.176064238054, 0.176121976050, 0.176194307945, 0.176289061455, 0.176386601004
44000, 220.000000000000, 0.175982878378, 0.176007527770, 0.176054536048, 0.176113751636, 0.176187780569, 0.176284244705, 0.176383101556
44100, 220.500000000000, 0.175971742180, 0.175996980834, 0.176045150427, 0.176105754953, 0.176181398389, 0.176279522274, 0.176379677288
44200, 221.000000000000, 0.175961069094, 0.175986848545, 0.176036092363, 0.176097995660, 0.176175167974, 0.176274899716, 0.176376322533
44300, 221.500000000000, 0.175950869963, 0.175977141131, 0.176027372066, 0.176090482714, 0.176169096219, 0.176270379645, 0.176373038152
44400, 222.000000000000, 0.175941154064, 0.175967868099, 0.176018998742, 0.176083224344, 0.176163188969, 0.176265961458, 0.176369824818
44500, 222.500000000000, 0.175931929822, 0.175959037975, 0.176010980627, 0.176076228069, 0.176157454168, 0.176261652083, 0.176366682640
44600, 223.000000000000, 0.175923203785, 0.175950657723, 0.176003324745, 0.176069500702, 0.176151897933, 0.176257465628, 0.176363610880
44700, 223.500000000000, 0.175914981003, 0.175942732845, 0.175996036960, 0.176063048342, 0.176146524342, 0.176253409133, 0.176360614697
44800, 224.000000000000, 0.175907265166, 0.175935267441, 0.175989122290, 0.176056876393, 0.176141339955, 0.176249482562, 0.176357696319
44900, 224.500000000000, 0.175900058367, 0.175928264565, 0.175982584728, 0.176050989551, 0.176136350066, 0.176245686541, 0.176354842627
45000, 225.000000000000, 0.175893361367, 0.175921725895, 0.175976427174, 0.176045391791, 0.176131558428, 0.176242023278, 0.176352046071
45100, 225.500000000000, 0.175887173571, 0.175915651767, 0.175970651522, 0.176040086397, 0.176126969272, 0.176238493953, 0.176349308592
45200, 226.000000000000, 0.175881492906, 0.175910041356, 0.175965258722, 0.176035075954, 0.176122586354, 0.176235098468, 0.176346631550
45300, 226.500000000000, 0.175876316020, 0.175904892634, 0.175960248831, 0.176030362336, 0.176118412609, 0.176231836585, 0.176344015721
45400, 227.000000000000, 0.175871638409, 0.175900202483, 0.175955620933, 0.176025946712, 0.176114450535, 0.176228708067, 0.176341463828
45500, 227.500000000000, 0.175867454366, 0.175895966684, 0.175951373221, 0.176021829556, 0.176110702136, 0.176225712135, 0.176338979744
45600, 228.000000000000, 0.175863757026, 0.175892179963, 0.175947503074, 0.176018010667, 0.176107168830, 0.176222847434, 0.176336567852
45700, 228.500000000000, 0.175860538552, 0.175888836127, 0.175944007057, 0.176014489185, 0.176103851479, 0.176220112585, 0.176334233316
45800, 229.000000000000, 0.175857790203, 0.175885928092, 0.175940880968, 0.176011263590, 0.176100750379, 0.176217506466, 0.176331981696
45900, 229.500000000000, 0.175855502318, 0.175883447907, 0.175938119873, 0.176008331727, 0.176097865276, 0.176215027903, 0.176329818754
46000, 230.000000000000, 0.175853664416, 0.175881386863, 0.175935718184, 0.176005690828, 0.176095195414, 0.176212675528, 0.176327750516
46100, 230.500000000000, 0.175852265315, 0.175879735553, 0.175933669693, 0.176003337547, 0.176092739565, 0.176210448270, 0.176325782772
46200, 231.000000000000, 0.175851293177, 0.175878483894, 0.175931967541, 0.176001267982, 0.176090496023, 0.176208345664, 0.176323920543
46300, 231.500000000000, 0.175850735518, 0.175877621215, 0.175930604352, 0.175999477689, 0.176088462635, 0.176206367507, 0.176322168022
46400, 232.000000000000, 0.175850579303, 0.175877136317, 0.175929572254, 0.175997961754, 0.176086636853, 0.176204513655, 0.176320528313
46500, 232.500000000000, 0.175850811058, 0.175877017518, 0.175928862835, 0.175996714845, 0.176085015791, 0.176202784361, 0.176319002926
46600, 233.000000000000, 0.175851416881, 0.175877252705, 0.175928467286, 0.175995731185, 0.176083596274, 0.176201180386, 0.176317591802
46700, 233.500000000000, 0.175852382481, 0.175877829408, 0.175928376443, 0.175995004581, 0.176082374869, 0.176199702668, 0.176316293625
46800, 234.000000000000, 0.175853693287, 0.175878734852, 0.175928580789, 0.175994528505, 0.176081347871, 0.176198352170, 0.176315105176
46900, 234.500000000000, 0.175855334489, 0.175879956011, 0.175929070530, 0.175994296178, 0.176080511351, 0.176197129964, 0.176314020128
47000, 235.000000000000, 0.175857291114, 0.175881479642, 0.175929835622, 0.175994300605, 0.176079861242, 0.176196037099, 0.176313030186
47100, 235.500000000000, 0.175859548070, 0.175883292325, 0.175930865771, 0.175994534577, 0.176079393400, 0.176195074456, 0.176312127594
47200, 236.000000000000, 0.175862090138, 0.175885380588, 0.175932150533, 0.175994990704, 0.176079103604, 0.176194242675, 0.176311306969
47300, 236.500000000000, 0.175864902110, 0.175887730905, 0.175933679320, 0.175995661424, 0.176078987485, 0.176193542103, 0.176310565238
47400, 237.000000000000, 0.175867968856, 0.175890329659, 0.175935441375, 0.175996539036, 0.176079040575, 0.176192972666, 0.176309899725
47500, 237.500000000000, 0.175871275290, 0.175893163265, 0.175937425915, 0.175997615779, 0.176079258374, 0.176192533695, 0.176309307875
47600, 238.000000000000, 0.175874806418, 0.175896218281, 0.175939622097, 0.175998883863, 0.176079636343, 0.176192223931, 0.176308788207
47700, 238.500000000000, 0.175878547435, 0.175899481331, 0.175942019076, 0.176000335444, 0.176080169883, 0.176192041536, 0.176308340645
47800, 239.000000000000, 0.175882483735, 0.175902939047, 0.175944606042, 0.176001962643, 0.176080854339, 0.176191984075, 0.176307966608
47900, 239.500000000000, 0.175886600964, 0.175906578282, 0.175947372213, 0.176003757571, 0.176081685000, 0.176192048546, 0.176307668674
48000, 240.000000000000, 0.175890884998, 0.175910386229, 0.175950306863, 0.176005712361, 0.176082657099, 0.176192231444, 0.176307450027
48100, 240.500000000000, 0.175895321975, 0.175914350311, 0.175953399412, 0.176007819175, 0.176083765817, 0.176192528866, 0.176307314196
48200, 241.000000000000, 0.175899898415, 0.175918458062, 0.175956639474, 0.176010070195, 0.176085006273, 0.176192936628, 0.176307264823
48300, 241.500000000000, 0.175904601222, 0.175922697304, 0.175960016780, 0.176012457705, 0.176086373537, 0.176193450396, 0.176307305131
48400, 242.000000000000, 0.175909417683, 0.175927056361, 0.175963521188, 0.176014974056, 0.176087862634, 0.176194065831, 0.176307437642
48500, 242.500000000000, 0.175914335412, 0.175931523963, 0.175967142801, 0.176017611628, 0.176089468557, 0.176194778733, 0.176307664250
48600, 243.000000000000, 0.175919342431, 0.175936089045, 0.175970872011, 0.176020362998, 0.176091186271, 0.176195585170, 0.176307986004
48700, 243.500000000000, 0.175924427238, 0.175940740561, 0.175974699458, 0.176023220904, 0.176093010734, 0.176196481567, 0.176308402657
48800, 244.000000000000, 0.175929578783, 0.175945467857, 0.175978616000, 0.176026178114, 0.176094936911, 0.176197464772, 0.176308912680
48900, 244.500000000000, 0.175934786433, 0.175950260849, 0.175982612774, 0.176029227503, 0.176096959785, 0.176198532081, 0.176309513543
49000, 245.000000000000, 0.175940039985, 0.175955109860, 0.175986681246, 0.176032362149, 0.176099074385, 0.176199681227, 0.176310201697
49100, 245.500000000000, 0.175945329709, 0.175960005645, 0.175990813199, 0.176035575316, 0.176101275803, 0.176200910322, 0.176310972737
49200, 246.000000000000, 0.175950646348, 0.175964939407, 0.175995000727, 0.176038860452, 0.176103559214, 0.176202217781, 0.176311822014
49300, 246.500000000000, 0.175955981104, 0.175969902759, 0.175999236225, 0.176042211202, 0.176105919893, 0.176203602217, 0.176312745088
49400, 247.000000000000, 0.175961325670, 0.175974887692, 0.176003512364, 0.176045621413, 0.176108353226, 0.176205062339, 0.176313737849
49500, 247.500000000000, 0.175966672203, 0.175979886604, 0.176007822232, 0.176049085147, 0.176110854724, 0.176206596834, 0.176314796830
49600, 248.000000000000, 0.175972013292, 0.175984892316, 0.176012159316, 0.176052596690, 0.176113420037, 0.176208204281, 0.176315919587
49700, 248.500000000000, 0.175977341972, 0.175989897931, 0.176016517353, 0.176056150557, 0.176116044956, 0.176209883067, 0.176317104716
49800, 249.000000000000, 0.175982651751, 0.175994896969, 0.176020890375, 0.176059741495, 0.176118725417, 0.176211631343, 0.176318351652
49900, 249.500000000000, 0.175987936603, 0.175999883296, 0.176025272755, 0.176063364480, 0.176121457500, 0.176213446996, 0.176319660547
50000, 250.000000000000, 0.175993190926, 0.176004852054, 0.176029659187, 0.176067014721, 0.176124237427, 0.176215327663, 0.176321032062
