Iteration, Time, p_B0(178, 45), p_B0(178, 72), p_B0(178, 96), p_B0(178, 118), p_B0(178, 139), p_B0(178, 160), p_B0(178, 176)
1, 0.001000000000, 0.178570813473, 0.178571046444, 0.178571415903, 0.178571428485, 0.178571428571, 0.178571428571, 0.178571428571
100, 0.100000000000, 0.178489847921, 0.178520551274, 0.178569702230, 0.178571422842, 0.178571428571, 0.178571428571, 0.178571428571
200, 0.200000000000, 0.178409072050, 0.178469425792, 0.178567771217, 0.178571424280, 0.178571428571, 0.178571428571, 0.178571428571
300, 0.300000000000, 0.178330114250, 0.178418184265, 0.178565456365, 0.178571425491, 0.178571428571, 0.178571428571, 0.178571428571
400, 0.400000000000, 0.178253744714, 0.178366867990, 0.178562559525, 0.178571423915, 0.178571428572, 0.178571428571, 0.178571428571
500, 0.500000000000, 0.178180683882, 0.178315562056, 0.178558862946, 0.178571420091, 0.178571428570, 0.178571428571, 0.178571428571
600, 0.600000000000, 0.178111592386, 0.178264398270, 0.178554126554, 0.178571414417, 0.178571428569, 0.178571428571, 0.178571428571
700, 0.700000000000, 0.178047057953, 0.178213553992, 0.178548088428, 0.178571405424, 0.178571428578, 0.178571428571, 0.178571428571
800, 0.800000000000, 0.177987592875, 0.178163247578, 0.178540468731, 0.178571389994, 0.178571428584, 0.178571428571, 0.178571428571
900, 0.900000000000, 0.177933597128, 0.178113731373, 0.178530976460, 0.178571364009, 0.178571428567, 0.178571428571, 0.178571428571
1000, 1.000000000000, 0.177885531587, 0.178065283011, 0.178519318817, 0.178571322174, 0.178571428537, 0.178571428571, 0.178571428571
1100, 1.100000000000, 0.177843495287, 0.178018195632, 0.178505213821, 0.178571256841, 0.178571428533, 0.178571428571, 0.178571428571
1200, 1.200000000000, 0.177812098918, 0.177972767536, 0.178488405869, 0.178571156421, 0.178571428586, 0.178571428571, 0.178571428571
1300, 1.300000000000, 0.177802160089, 0.177929291970, 0.178468682460, 0.178571003840, 0.178571428700, 0.178571428571, 0.178571428571
1400, 1.400000000000, 0.177810565670, 0.177888047929, 0.178445889985, 0.178570775006, 0.178571428864, 0.178571428571, 0.178571428571
1500, 1.500000000000, 0.177813865329, 0.177849292870, 0.178419947229, 0.178570436939, 0.178571429075, 0.178571428571, 0.178571428571
1600, 1.600000000000, 0.177796379613, 0.177813257223, 0.178390855769, 0.178569945279, 0.178571429326, 0.178571428571, 0.178571428571
1700, 1.700000000000, 0.177764883637, 0.177780144943, 0.178358706404, 0.178569241190, 0.178571429598, 0.178571428571, 0.178571428571
1800, 1.800000000000, 0.177732201097, 0.177750121820, 0.178323680694, 0.178568247927, 0.178571429860, 0.178571428571, 0.178571428571
1900, 1.900000000000, 0.177702919338, 0.177723335350, 0.178286047143, 0.178566867422, 0.178571430074, 0.178571428571, 0.178571428571
2000, 2.000000000000, 0.177675482666, 0.177699946635, 0.178246152349, 0.178564977191, 0.178571430184, 0.178571428571, 0.178571428571
2100, 2.100000000000, 0.177647895930, 0.177679973013, 0.178204408122, 0.178562427818, 0.178571430110, 0.178571428571, 0.178571428571
2200, 2.200000000000, 0.177619240931, 0.177663786246, 0.178161275975, 0.178559041375, 0.178571429735, 0.178571428571, 0.178571428571
2300, 2.300000000000, 0.177589114925, 0.177653929514, 0.178117250425, 0.178554611210, 0.178571428906, 0.178571428572, 0.178571428571
2400, 2.400000000000, 0.177557281116, 0.177655160066, 0.178072842330, 0.178548903694, 0.178571427400, 0.178571428572, 0.178571428571
2500, 2.500000000000, 0.177523624414, 0.177669251394, 0.178028563369, 0.178541662477, 0.178571424845, 0.178571428572, 0.178571428571
2600, 2.600000000000, 0.177488135058, 0.177689222967, 0.177984912005, 0.178532615617, 0.178571420589, 0.178571428571, 0.178571428571
2700, 2.700000000000, 0.177450887507, 0.177702898275, 0.177942361229, 0.178521485647, 0.178571413528, 0.178571428570, 0.178571428571
2800, 2.800000000000, 0.177412029199, 0.177702697026, 0.177901350283, 0.178508002223, 0.178571401902, 0.178571428570, 0.178571428571
2900, 2.900000000000, 0.177371772716, 0.177689511717, 0.177862277233, 0.178491916681, 0.178571383020, 0.178571428571, 0.178571428571
3000, 3.000000000000, 0.177330386952, 0.177669732016, 0.177825488271, 0.178473017483, 0.178571352853, 0.178571428574, 0.178571428571
3100, 3.100000000000, 0.177288187279, 0.177648397409, 0.177791284257, 0.178451145366, 0.178571305418, 0.178571428576, 0.178571428571
3200, 3.200000000000, 0.177245524904, 0.177626749958, 0.177759948684, 0.178426206936, 0.178571231923, 0.178571428577, 0.178571428571
3300, 3.300000000000, 0.177202775444, 0.177603925658, 0.177731714537, 0.178398185462, 0.178571119642, 0.178571428574, 0.178571428571
3400, 3.400000000000, 0.177160326826, 0.177578974845, 0.177706671014, 0.178367147850, 0.178570950493, 0.178571428566, 0.178571428571
3500, 3.500000000000, 0.177118566618, 0.177551496802, 0.177684912764, 0.178333247084, 0.178570699290, 0.178571428557, 0.178571428571
3600, 3.600000000000, 0.177077869059, 0.177521439133, 0.177667079059, 0.178296719851, 0.178570331615, 0.178571428551, 0.178571428571
3700, 3.700000000000, 0.177038582320, 0.177488865814, 0.177655277976, 0.178257879587, 0.178569801287, 0.178571428559, 0.178571428571
3800, 3.800000000000, 0.177001016692, 0.177453900209, 0.177652457492, 0.178217105714, 0.178569047489, 0.178571428590, 0.178571428571
3900, 3.900000000000, 0.176965434488, 0.177416733084, 0.177659078559, 0.178174830015, 0.178567991665, 0.178571428657, 0.178571428571
4000, 4.000000000000, 0.176932042198, 0.177377618853, 0.177671728406, 0.178131521183, 0.178566534398, 0.178571428766, 0.178571428571
4100, 4.100000000000, 0.176900985445, 0.177336862248, 0.177684735640, 0.178087669231, 0.178564552526, 0.178571428923, 0.178571428571
4200, 4.200000000000, 0.176872347098, 0.177294808559, 0.177691990767, 0.178043771126, 0.178561896875, 0.178571429123, 0.178571428571
4300, 4.300000000000, 0.176846148462, 0.177251836758, 0.177689205474, 0.178000317279, 0.178558390992, 0.178571429353, 0.178571428571
4400, 4.400000000000, 0.176822353511, 0.177208351396, 0.177676606107, 0.177957777213, 0.178553831382, 0.178571429589, 0.178571428572
4500, 4.500000000000, 0.176800875800, 0.177164772541, 0.177657764137, 0.177916585837, 0.178547989691, 0.178571429793, 0.178571428572
4600, 4.600000000000, 0.176781587090, 0.177121524662, 0.177636111656, 0.177877142893, 0.178540617255, 0.178571429916, 0.178571428572
4700, 4.700000000000, 0.176764326985, 0.177079024955, 0.177613222811, 0.177839829158, 0.178531452249, 0.178571429896, 0.178571428572
4800, 4.800000000000, 0.176748913154, 0.177037671341, 0.177589029536, 0.177804998628, 0.178520229399, 0.178571429647, 0.178571428571
4900, 4.900000000000, 0.176735151405, 0.176997830564, 0.177562857522, 0.177772910946, 0.178506691961, 0.178571429046, 0.178571428571
5000, 5.000000000000, 0.176722844773, 0.176959827067, 0.177534202822, 0.177743682330, 0.178490605309, 0.178571427893, 0.178571428571
5100, 5.100000000000, 0.176711801094, 0.176923933409, 0.177502933288, 0.177717413864, 0.178471771231, 0.178571425855, 0.178571428571
5200, 5.200000000000, 0.176701838943, 0.176890362875, 0.177469158744, 0.177694525353, 0.178450041835, 0.178571422384, 0.178571428571
5300, 5.300000000000, 0.176692791904, 0.176859264841, 0.177433077558, 0.177676065503, 0.178425331903, 0.178571416596, 0.178571428573
5400, 5.400000000000, 0.176684511222, 0.176830723202, 0.177394918790, 0.177663654911, 0.178397628635, 0.178571407110, 0.178571428574
5500, 5.500000000000, 0.176676867009, 0.176804757920, 0.177354948527, 0.177658806086, 0.178366997883, 0.178571391830, 0.178571428576
5600, 5.600000000000, 0.176669748262, 0.176781329508, 0.177313482337, 0.177661368829, 0.178333586198, 0.178571367615, 0.178571428576
5700, 5.700000000000, 0.176663062004, 0.176760345997, 0.177270881564, 0.177668820808, 0.178297618466, 0.178571329786, 0.178571428575
5800, 5.800000000000, 0.176656731808, 0.176741671801, 0.177227539943, 0.177677540947, 0.178259391638, 0.178571271440, 0.178571428570
5900, 5.900000000000, 0.176650695932, 0.176725137757, 0.177183870483, 0.177683689718, 0.178219265565, 0.178571182541, 0.178571428562
6000, 6.000000000000, 0.176644905290, 0.176710551618, 0.177140295085, 0.177684218938, 0.178177651359, 0.178571048720, 0.178571428555
6100, 6.100000000000, 0.176639321427, 0.176697708251, 0.177097234686, 0.177677176828, 0.178134996918, 0.178570849795, 0.178571428553
6200, 6.200000000000, 0.176633914627, 0.176686398961, 0.177055098226, 0.177662951942, 0.178091770221, 0.178570557979, 0.178571428562
6300, 6.300000000000, 0.176628662231, 0.176676419442, 0.177014270731, 0.177643642818, 0.178048444005, 0.178570135744, 0.178571428590
6400, 6.400000000000, 0.176623547174, 0.176667576078, 0.176975101714, 0.177621312685, 0.178005486594, 0.178569533332, 0.178571428648
6500, 6.500000000000, 0.176618556751, 0.176659690506, 0.176937894898, 0.177597104080, 0.177963358655, 0.178568685992, 0.178571428740
6600, 6.600000000000, 0.176613681591, 0.176652602494, 0.176902899801, 0.177571239006, 0.177922507800, 0.178567511078, 0.178571428869
6700, 6.700000000000, 0.176608914839, 0.176646171337, 0.176870305577, 0.177543433214, 0.177883353020, 0.178565905220, 0.178571429031
6800, 6.800000000000, 0.176604251517, 0.176640276034, 0.176840237499, 0.177513335074, 0.177846261331, 0.178563741847, 0.178571429213
6900, 6.900000000000, 0.176599688036, 0.176634814525, 0.176812756364, 0.177480779513, 0.177811521374, 0.178560869433, 0.178571429395
7000, 7.000000000000, 0.176595221828, 0.176629702260, 0.176787860888, 0.177445829322, 0.177779307257, 0.178557110866, 0.178571429546
7100, 7.100000000000, 0.176590851060, 0.176624870348, 0.176765492856, 0.177408702858, 0.177749663167, 0.178552264352, 0.178571429627
7200, 7.200000000000, 0.176586574428, 0.176620263506, 0.176745544558, 0.177369691377, 0.177722676735, 0.178546106243, 0.178571429583
7300, 7.300000000000, 0.176582391006, 0.176615838008, 0.176727867878, 0.177329113408, 0.177699040079, 0.178538396067, 0.178571429339
7400, 7.400000000000, 0.176578300138, 0.176611559761, 0.176712284345, 0.177287305629, 0.177680710447, 0.178528883869, 0.178571428774
7500, 7.500000000000, 0.176574301353, 0.176607402552, 0.176698595419, 0.177244628489, 0.177670371640, 0.178517319757, 0.178571427685
7600, 7.600000000000, 0.176570394306, 0.176603346504, 0.176686592348, 0.177201468315, 0.177667621348, 0.178503465268, 0.178571425733
7700, 7.700000000000, 0.176566578730, 0.176599376727, 0.176676065045, 0.177158230428, 0.177668443345, 0.178487105902, 0.178571422363
7800, 7.800000000000, 0.176562854412, 0.176595482201, 0.176666809566, 0.177115326396, 0.177670837736, 0.178468063969, 0.178571416702
7900, 7.900000000000, 0.176559221179, 0.176591654898, 0.176658633956, 0.177073160224, 0.177673520548, 0.178446210820, 0.178571407437
8000, 8.000000000000, 0.176555678870, 0.176587889107, 0.176651362397, 0.177032116075, 0.177675224599, 0.178421477523, 0.178571392655
8100, 8.100000000000, 0.176552227320, 0.176584180926, 0.176644837755, 0.176992547744, 0.177675170972, 0.178393863092, 0.178571369589
8200, 8.200000000000, 0.176548866329, 0.176580527856, 0.176638922715, 0.176954769313, 0.177672577928, 0.178363439590, 0.178571334178
8300, 8.300000000000, 0.176545595644, 0.176576928458, 0.176633499752, 0.176919046817, 0.177664363145, 0.178330353824, 0.178571280476
8400, 8.400000000000, 0.176542414943, 0.176573382093, 0.176628470220, 0.176885591383, 0.177648370947, 0.178294825541, 0.178571199910
8500, 8.500000000000, 0.176539323829, 0.176569888712, 0.176623752831, 0.176854554540, 0.177626170148, 0.178257141537, 0.178571080171
8600, 8.600000000000, 0.176536321833, 0.176566448711, 0.176619281756, 0.176826026211, 0.177600543130, 0.178217644604, 0.178570903766
8700, 8.700000000000, 0.176533408405, 0.176563062823, 0.176615004568, 0.176800035572, 0.177573352866, 0.178176717880, 0.178570646296
8800, 8.800000000000, 0.176530582893, 0.176559732038, 0.176610880185, 0.176776554622, 0.177545098504, 0.178134770193, 0.178570274493
8900, 8.900000000000, 0.176527844518, 0.176556457542, 0.176606876940, 0.176755504095, 0.177515426875, 0.178092232338, 0.178569744001
9000, 9.000000000000, 0.176525192351, 0.176553240661, 0.176602970827, 0.176736761227, 0.177483772939, 0.178049569137, 0.178568996932
9100, 9.100000000000, 0.176522625314, 0.176550082822, 0.176599143982, 0.176720168772, 0.177449794826, 0.178007299946, 0.178567959259
9200, 9.200000000000, 0.176520142195, 0.176546985503, 0.176595383387, 0.176705544633, 0.177413500940, 0.177965992173, 0.178566538173
9300, 9.300000000000, 0.176517741671, 0.176543950200, 0.176591679799, 0.176692691470, 0.177375161964, 0.177926127365, 0.178564619677
9400, 9.400000000000, 0.176515422320, 0.176540978380, 0.176588026886, 0.176681405693, 0.177335172060, 0.177887860811, 0.178562066749
9500, 9.500000000000, 0.176513182621, 0.176538071457, 0.176584420531, 0.176671485375, 0.177293941395, 0.177850964858, 0.178558718419
9600, 9.600000000000, 0.176511020945, 0.176535230757, 0.176580858300, 0.176662736766, 0.177251855186, 0.177815185507, 0.178554390189
9700, 9.700000000000, 0.176508935553, 0.176532457497, 0.176577339024, 0.176654979246, 0.177209277888, 0.177780831688, 0.178548876109
9800, 9.800000000000, 0.176506924598, 0.176529752760, 0.176573862476, 0.176648048714, 0.177166572762, 0.177749142716, 0.178541952795
9900, 9.900000000000, 0.176504986140, 0.176527117479, 0.176570429136, 0.176641799523, 0.177124113690, 0.177722075190, 0.178533385457
10000, 10.000000000000, 0.176503118153, 0.176524552414, 0.176567040000, 0.176636105161, 0.177082282391, 0.177701526034, 0.178522935799
