-----------------------------------------
 MPI partition and reading input file time: 0.000000
 -----------------------------------------
[1;32mOpenSBLI is starting from the initial condition.
[0mIteration: 1. Time-step: 2.000e-04. Simulation time: 0.00020. Time/iteration: 0.000001.












x: -0.005025, p_B0(0): 1.000000 
x: 0.361809, p_B0(0): 1.000000 
x: 0.462312, p_B0(0): 1.000000 
x: 0.964824, p_B0(0): 0.900000 
x: 0.814070, p_B0(0): 0.900000 
x: 0.969849, p_B0(0): 0.900000 
x: 0.974874, p_B0(0): 0.900000 
x: 0.979899, p_B0(0): 0.900000 
x: 0.984925, p_B0(0): 0.900000 
x: 0.311558, p_B0(0): 1.000000 
x: 0.562814, p_B0(0): 0.900000 
x: 0.613065, p_B0(0): 0.900000 
x: 0.914573, p_B0(0): 0.900000 
x: 0.919598, p_B0(0): 0.900000 
x: 0.924623, p_B0(0): 0.900000 
x: 0.929648, p_B0(0): 0.900000 
x: 0.934673, p_B0(0): 0.900000 
x: 0.939698, p_B0(0): 0.900000 
x: 0.944724, p_B0(0): 0.900000 
x: 0.949749, p_B0(0): 0.900000 
x: 0.954774, p_B0(0): 0.900000 
x: 0.864322, p_B0(0): 0.900000 
x: 0.959799, p_B0(0): 0.900000 
x: 0.869347, p_B0(0): 0.900000 
x: 0.874372, p_B0(0): 0.900000 
x: 0.879397, p_B0(0): 0.900000 
x: 0.884422, p_B0(0): 0.900000 
x: 0.512563, p_B0(0): 0.896347 
x: 0.517588, p_B0(0): 0.900231 
x: 0.522613, p_B0(0): 0.900001 
x: 0.105528, p_B0(0): 1.000000 
x: 0.160804, p_B0(0): 1.000000 
x: 0.165829, p_B0(0): 1.000000 
x: 0.412060, p_B0(0): 1.000000 
x: 0.467337, p_B0(0): 1.000000 
x: 0.417085, p_B0(0): 1.000000 
x: 0.472362, p_B0(0): 1.000000 
x: 0.422111, p_B0(0): 1.000000 
x: 0.427136, p_B0(0): 1.000000 
x: 0.819095, p_B0(0): 0.900000 
x: 0.432161, p_B0(0): 1.000000 
x: 0.437186, p_B0(0): 1.000000 
x: 0.989950, p_B0(0): 0.900000 
x: 0.442211, p_B0(0): 1.000000 
x: 0.316583, p_B0(0): 1.000000 
x: 0.618090, p_B0(0): 0.900000 
x: 0.763819, p_B0(0): 0.900000 
x: 0.623116, p_B0(0): 0.900000 
x: 0.628141, p_B0(0): 0.900000 
x: 0.633166, p_B0(0): 0.900000 
x: 0.638191, p_B0(0): 0.900000 
x: 0.768844, p_B0(0): 0.900000 
x: 0.643216, p_B0(0): 0.900000 
x: 0.889447, p_B0(0): 0.900000 
x: 0.648241, p_B0(0): 0.900000 
x: 0.527638, p_B0(0): 0.900000 
x: 0.894472, p_B0(0): 0.900000 
x: 0.899497, p_B0(0): 0.900000 
x: 0.477387, p_B0(0): 1.000001 
x: 0.110553, p_B0(0): 1.000000 
x: 0.115578, p_B0(0): 1.000000 
x: 0.773869, p_B0(0): 0.900000 
x: 0.778894, p_B0(0): 0.900000 
x: 0.783920, p_B0(0): 0.900000 
x: 0.788945, p_B0(0): 0.900000 
x: 0.793970, p_B0(0): 0.900000 
x: 0.567839, p_B0(0): 0.900000 
x: 0.321608, p_B0(0): 1.000000 
x: 0.572864, p_B0(0): 0.900000 
x: 0.577889, p_B0(0): 0.900000 
x: 0.582915, p_B0(0): 0.900000 
x: 0.587940, p_B0(0): 0.900000 
x: 0.592965, p_B0(0): 0.900000 
x: 0.170854, p_B0(0): 1.000000 
x: 0.366834, p_B0(0): 1.000000 
x: 0.175879, p_B0(0): 1.000000 
x: 0.180905, p_B0(0): 1.000000 
x: 0.371859, p_B0(0): 1.000000 
x: 0.185930, p_B0(0): 1.000000 
x: 0.190955, p_B0(0): 1.000000 
x: 0.904523, p_B0(0): 0.900000 
x: 0.909548, p_B0(0): 0.900000 
x: 0.120603, p_B0(0): 1.000000 
x: 0.050251, p_B0(0): 1.000000 
x: 0.482412, p_B0(0): 0.999708 
x: 0.532663, p_B0(0): 0.900000 
x: 0.824121, p_B0(0): 0.900000 
x: 0.537688, p_B0(0): 0.900000 
x: 0.829146, p_B0(0): 0.900000 
x: 0.261307, p_B0(0): 1.000000 
x: 0.266332, p_B0(0): 1.000000 
x: 0.597990, p_B0(0): 0.900000 
x: 0.000000, p_B0(0): 1.000000 
x: 0.005025, p_B0(0): 1.000000 
x: 0.376884, p_B0(0): 1.000000 
x: 0.994975, p_B0(0): 0.900000 
x: 0.010050, p_B0(0): 1.000000 
x: 0.542714, p_B0(0): 0.900000 
x: 0.195980, p_B0(0): 1.000000 
x: 0.125628, p_B0(0): 1.000000 
x: 0.547739, p_B0(0): 0.900000 
x: 0.201005, p_B0(0): 1.000000 
x: 0.130653, p_B0(0): 1.000000 
x: 0.487437, p_B0(0): 1.004174 
x: 0.206030, p_B0(0): 1.000000 
x: 0.663317, p_B0(0): 0.900000 
x: 0.834171, p_B0(0): 0.900000 
x: 0.603015, p_B0(0): 0.900000 
x: 1.000000, p_B0(0): 0.900000 
x: 0.839196, p_B0(0): 0.900000 
x: 0.608040, p_B0(0): 0.900000 
x: 0.844221, p_B0(0): 0.900000 
x: 0.381910, p_B0(0): 1.000000 
x: 0.849246, p_B0(0): 0.900000 
x: 0.055276, p_B0(0): 1.000000 
x: 0.854271, p_B0(0): 0.900000 
x: 0.015075, p_B0(0): 1.000000 
x: 0.653266, p_B0(0): 0.900000 
x: 0.492462, p_B0(0): 0.986478 
x: 0.798995, p_B0(0): 0.900000 
x: 0.658291, p_B0(0): 0.900000 
x: 0.497487, p_B0(0): 0.983269 
x: 0.211055, p_B0(0): 1.000000 
x: 0.386935, p_B0(0): 1.000000 
x: 0.859296, p_B0(0): 0.900000 
x: 0.216080, p_B0(0): 1.000000 
x: 0.221106, p_B0(0): 1.000000 
x: 0.226131, p_B0(0): 1.000000 
x: 0.231156, p_B0(0): 1.000000 
x: 0.236181, p_B0(0): 1.000000 
x: 0.241206, p_B0(0): 1.000000 
x: 0.246231, p_B0(0): 1.000000 
x: 0.251256, p_B0(0): 1.000000 
x: 0.256281, p_B0(0): 1.000000 
x: 0.447236, p_B0(0): 1.000000 
x: 0.452261, p_B0(0): 1.000000 
x: 0.457286, p_B0(0): 1.000000 
x: 0.804020, p_B0(0): 0.900000 
x: 0.809045, p_B0(0): 0.900000 
x: 1.005025, p_B0(0): 0.900000 
x: 1.010050, p_B0(0): 0.900000 
x: 0.668342, p_B0(0): 0.900000 
x: 0.673367, p_B0(0): 0.900000 
x: 0.678392, p_B0(0): 0.900000 
x: 0.683417, p_B0(0): 0.900000 
x: 0.688442, p_B0(0): 0.900000 
x: 0.693467, p_B0(0): 0.900000 
x: 0.502513, p_B0(0): 0.917154 
x: 0.507538, p_B0(0): 0.912023 
x: 0.698492, p_B0(0): 0.900000 
x: 0.703518, p_B0(0): 0.900000 
x: 0.391960, p_B0(0): 1.000000 
x: 0.708543, p_B0(0): 0.900000 
x: 0.060302, p_B0(0): 1.000000 
x: 0.135678, p_B0(0): 1.000000 
x: 0.065327, p_B0(0): 1.000000 
x: 0.070352, p_B0(0): 1.000000 
x: 0.140704, p_B0(0): 1.000000 
x: 0.713568, p_B0(0): 0.900000 
x: 0.145729, p_B0(0): 1.000000 
x: 0.150754, p_B0(0): 1.000000 
x: 0.155779, p_B0(0): 1.000000 
x: 0.718593, p_B0(0): 0.900000 
x: 0.020101, p_B0(0): 1.000000 
x: 0.025126, p_B0(0): 1.000000 
x: 0.030151, p_B0(0): 1.000000 
x: 0.723618, p_B0(0): 0.900000 
x: 0.728643, p_B0(0): 0.900000 
x: 0.733668, p_B0(0): 0.900000 
x: 0.738693, p_B0(0): 0.900000 
x: 0.743719, p_B0(0): 0.900000 
x: 0.748744, p_B0(0): 0.900000 
x: 0.753769, p_B0(0): 0.900000 
x: 0.758794, p_B0(0): 0.900000 
x: 0.035176, p_B0(0): 1.000000 
x: 0.040201, p_B0(0): 1.000000 
x: 0.045226, p_B0(0): 1.000000 
x: 0.552764, p_B0(0): 0.900000 
x: 0.557789, p_B0(0): 0.900000 
x: 0.271357, p_B0(0): 1.000000 
x: 0.276382, p_B0(0): 1.000000 
x: 0.281407, p_B0(0): 1.000000 
x: 0.286432, p_B0(0): 1.000000 
x: 0.291457, p_B0(0): 1.000000 
x: 0.296482, p_B0(0): 1.000000 
x: 0.301508, p_B0(0): 1.000000 
x: 0.306533, p_B0(0): 1.000000 
x: 0.396985, p_B0(0): 1.000000 
x: 0.402010, p_B0(0): 1.000000 
x: 0.407035, p_B0(0): 1.000000 
x: 0.326633, p_B0(0): 1.000000 
x: 0.331658, p_B0(0): 1.000000 
x: 0.336683, p_B0(0): 1.000000 
x: 0.341709, p_B0(0): 1.000000 
x: 0.346734, p_B0(0): 1.000000 
x: 0.351759, p_B0(0): 1.000000 
x: 0.356784, p_B0(0): 1.000000 
x: 0.075377, p_B0(0): 1.000000 
x: 0.080402, p_B0(0): 1.000000 
x: 0.085427, p_B0(0): 1.000000 
x: 0.090452, p_B0(0): 1.000000 
x: 0.095477, p_B0(0): 1.000000 
x: 0.100503, p_B0(0): 1.000000 
Iteration: 2. Time-step: 2.000e-04. Simulation time: 0.00040. Time/iteration: 0.031166.












x: 0.814070, p_B0(0): 0.900000 
x: 0.914573, p_B0(0): 0.900000 
x: 0.562814, p_B0(0): 0.900000 
x: 0.105528, p_B0(0): 1.000000 
x: -0.005025, p_B0(0): 1.000000 
x: 0.462312, p_B0(0): 1.000056 
x: 0.713568, p_B0(0): 0.900000 
x: 0.467337, p_B0(0): 0.999480 
x: 0.763819, p_B0(0): 0.900000 
x: 0.050251, p_B0(0): 1.000000 
x: 0.472362, p_B0(0): 1.001492 
x: 0.211055, p_B0(0): 1.000000 
x: 0.477387, p_B0(0): 0.999524 
x: 0.412060, p_B0(0): 1.000000 
x: 0.482412, p_B0(0): 1.013027 
x: 0.261307, p_B0(0): 1.000000 
x: 0.266332, p_B0(0): 1.000000 
x: 0.417085, p_B0(0): 1.000000 
x: 0.422111, p_B0(0): 1.000000 
x: 0.000000, p_B0(0): 1.000000 
x: 0.613065, p_B0(0): 0.900000 
x: 0.427136, p_B0(0): 1.000000 
x: 0.512563, p_B0(0): 0.903007 
x: 0.618090, p_B0(0): 0.900000 
x: 0.517588, p_B0(0): 0.897955 
x: 0.522613, p_B0(0): 0.899498 
x: 0.527638, p_B0(0): 0.899470 
x: 0.532663, p_B0(0): 0.900122 
x: 0.537688, p_B0(0): 0.899980 
x: 0.542714, p_B0(0): 0.900005 
x: 0.547739, p_B0(0): 0.899999 
x: 0.552764, p_B0(0): 0.900000 
x: 0.557789, p_B0(0): 0.900000 
x: 0.311558, p_B0(0): 1.000000 
x: 0.316583, p_B0(0): 1.000000 
x: 0.321608, p_B0(0): 1.000000 
x: 0.326633, p_B0(0): 1.000000 
x: 0.331658, p_B0(0): 1.000000 
x: 0.964824, p_B0(0): 0.900000 
x: 0.336683, p_B0(0): 1.000000 
x: 0.341709, p_B0(0): 1.000000 
x: 0.346734, p_B0(0): 1.000000 
x: 0.487437, p_B0(0): 0.989174 
x: 0.351759, p_B0(0): 1.000000 
x: 0.356784, p_B0(0): 1.000000 
x: 0.160804, p_B0(0): 1.000000 
x: 0.819095, p_B0(0): 0.900000 
x: 0.824121, p_B0(0): 0.900000 
x: 0.110553, p_B0(0): 1.000000 
x: 0.432161, p_B0(0): 1.000000 
x: 0.115578, p_B0(0): 1.000000 
x: 0.005025, p_B0(0): 1.000000 
x: 0.718593, p_B0(0): 0.900000 
x: 0.768844, p_B0(0): 0.900000 
x: 0.010050, p_B0(0): 1.000000 
x: 0.723618, p_B0(0): 0.900000 
x: 0.623116, p_B0(0): 0.900000 
x: 0.015075, p_B0(0): 1.000000 
x: 0.020101, p_B0(0): 1.000000 
x: 0.567839, p_B0(0): 0.900000 
x: 0.492462, p_B0(0): 0.932841 
x: 0.572864, p_B0(0): 0.900000 
x: 0.497487, p_B0(0): 0.978813 
x: 0.577889, p_B0(0): 0.900000 
x: 0.919598, p_B0(0): 0.900000 
x: 0.502513, p_B0(0): 0.957518 
x: 0.582915, p_B0(0): 0.900000 
x: 0.507538, p_B0(0): 0.926540 
x: 0.437186, p_B0(0): 1.000000 
x: 0.120603, p_B0(0): 1.000000 
x: 0.442211, p_B0(0): 1.000000 
x: 0.125628, p_B0(0): 1.000000 
x: 0.773869, p_B0(0): 0.900000 
x: 0.055276, p_B0(0): 1.000000 
x: 0.361809, p_B0(0): 1.000000 
x: 0.663317, p_B0(0): 0.900000 
x: 0.216080, p_B0(0): 1.000000 
x: 0.366834, p_B0(0): 1.000000 
x: 0.668342, p_B0(0): 0.900000 
x: 0.025126, p_B0(0): 1.000000 
x: 0.969849, p_B0(0): 0.900000 
x: 0.924623, p_B0(0): 0.900000 
x: 0.371859, p_B0(0): 1.000000 
x: 0.673367, p_B0(0): 0.900000 
x: 0.974874, p_B0(0): 0.900000 
x: 0.165829, p_B0(0): 1.000000 
x: 0.829146, p_B0(0): 0.900000 
x: 0.979899, p_B0(0): 0.900000 
x: 0.587940, p_B0(0): 0.900000 
x: 0.984925, p_B0(0): 0.900000 
x: 0.728643, p_B0(0): 0.900000 
x: 0.778894, p_B0(0): 0.900000 
x: 0.733668, p_B0(0): 0.900000 
x: 0.271357, p_B0(0): 1.000000 
x: 0.221106, p_B0(0): 1.000000 
x: 0.030151, p_B0(0): 1.000000 
x: 0.276382, p_B0(0): 1.000000 
x: 0.226131, p_B0(0): 1.000000 
x: 0.281407, p_B0(0): 1.000000 
x: 0.286432, p_B0(0): 1.000000 
x: 0.834171, p_B0(0): 0.900000 
x: 0.231156, p_B0(0): 1.000000 
x: 0.376884, p_B0(0): 1.000000 
x: 0.381910, p_B0(0): 1.000000 
x: 0.738693, p_B0(0): 0.900000 
x: 0.386935, p_B0(0): 1.000000 
x: 0.592965, p_B0(0): 0.900000 
x: 0.678392, p_B0(0): 0.900000 
x: 0.060302, p_B0(0): 1.000000 
x: 0.683417, p_B0(0): 0.900000 
x: 0.391960, p_B0(0): 1.000000 
x: 0.783920, p_B0(0): 0.900000 
x: 0.839196, p_B0(0): 0.900000 
x: 0.236181, p_B0(0): 1.000000 
x: 0.170854, p_B0(0): 1.000000 
x: 0.844221, p_B0(0): 0.900000 
x: 0.241206, p_B0(0): 1.000000 
x: 0.864322, p_B0(0): 0.900000 
x: 0.035176, p_B0(0): 1.000000 
x: 0.130653, p_B0(0): 1.000000 
x: 0.597990, p_B0(0): 0.900000 
x: 0.869347, p_B0(0): 0.900000 
x: 0.065327, p_B0(0): 1.000000 
x: 0.040201, p_B0(0): 1.000000 
x: 0.874372, p_B0(0): 0.900000 
x: 0.688442, p_B0(0): 0.900000 
x: 0.045226, p_B0(0): 1.000000 
x: 0.879397, p_B0(0): 0.900000 
x: 0.884422, p_B0(0): 0.900000 
x: 0.889447, p_B0(0): 0.900000 
x: 0.894472, p_B0(0): 0.900000 
x: 0.899497, p_B0(0): 0.900000 
x: 0.904523, p_B0(0): 0.900000 
x: 0.909548, p_B0(0): 0.900000 
x: 0.175879, p_B0(0): 1.000000 
x: 0.180905, p_B0(0): 1.000000 
x: 0.185930, p_B0(0): 1.000000 
x: 0.190955, p_B0(0): 1.000000 
x: 0.195980, p_B0(0): 1.000000 
x: 0.201005, p_B0(0): 1.000000 
x: 0.206030, p_B0(0): 1.000000 
x: 0.603015, p_B0(0): 0.900000 
x: 0.608040, p_B0(0): 0.900000 
x: 0.070352, p_B0(0): 1.000000 
x: 0.075377, p_B0(0): 1.000000 
x: 0.080402, p_B0(0): 1.000000 
x: 0.085427, p_B0(0): 1.000000 
x: 0.090452, p_B0(0): 1.000000 
x: 0.095477, p_B0(0): 1.000000 
x: 0.989950, p_B0(0): 0.900000 
x: 0.994975, p_B0(0): 0.900000 
x: 1.000000, p_B0(0): 0.900000 
x: 1.005025, p_B0(0): 0.900000 
x: 1.010050, p_B0(0): 0.900000 
x: 0.628141, p_B0(0): 0.900000 
x: 0.633166, p_B0(0): 0.900000 
x: 0.638191, p_B0(0): 0.900000 
x: 0.643216, p_B0(0): 0.900000 
x: 0.648241, p_B0(0): 0.900000 
x: 0.653266, p_B0(0): 0.900000 
x: 0.658291, p_B0(0): 0.900000 
x: 0.788945, p_B0(0): 0.900000 
x: 0.793970, p_B0(0): 0.900000 
x: 0.798995, p_B0(0): 0.900000 
x: 0.804020, p_B0(0): 0.900000 
x: 0.693467, p_B0(0): 0.900000 
x: 0.809045, p_B0(0): 0.900000 
x: 0.698492, p_B0(0): 0.900000 
x: 0.703518, p_B0(0): 0.900000 
x: 0.708543, p_B0(0): 0.900000 
x: 0.849246, p_B0(0): 0.900000 
x: 0.246231, p_B0(0): 1.000000 
x: 0.854271, p_B0(0): 0.900000 
x: 0.859296, p_B0(0): 0.900000 
x: 0.251256, p_B0(0): 1.000000 
x: 0.256281, p_B0(0): 1.000000 
x: 0.396985, p_B0(0): 1.000000 
x: 0.402010, p_B0(0): 1.000000 
x: 0.407035, p_B0(0): 1.000000 
x: 0.291457, p_B0(0): 1.000000 
x: 0.296482, p_B0(0): 1.000000 
x: 0.301508, p_B0(0): 1.000000 
x: 0.306533, p_B0(0): 1.000000 
x: 0.743719, p_B0(0): 0.900000 
x: 0.748744, p_B0(0): 0.900000 
x: 0.753769, p_B0(0): 0.900000 
x: 0.758794, p_B0(0): 0.900000 
x: 0.135678, p_B0(0): 1.000000 
x: 0.140704, p_B0(0): 1.000000 
x: 0.145729, p_B0(0): 1.000000 
x: 0.150754, p_B0(0): 1.000000 
x: 0.155779, p_B0(0): 1.000000 
x: 0.100503, p_B0(0): 1.000000 
x: 0.929648, p_B0(0): 0.900000 
x: 0.934673, p_B0(0): 0.900000 
x: 0.939698, p_B0(0): 0.900000 
x: 0.944724, p_B0(0): 0.900000 
x: 0.949749, p_B0(0): 0.900000 
x: 0.954774, p_B0(0): 0.900000 
x: 0.959799, p_B0(0): 0.900000 
x: 0.447236, p_B0(0): 1.000000 
x: 0.452261, p_B0(0): 1.000001 
x: 0.457286, p_B0(0): 0.999995 
Iteration: 3. Time-step: 2.000e-04. Simulation time: 0.00060. Time/iteration: 0.020371.












x: 0.613065, p_B0(0): 0.900000 
x: 0.763819, p_B0(0): 0.900000 
x: 0.864322, p_B0(0): 0.900000 
x: 0.914573, p_B0(0): 0.900000 
x: 0.361809, p_B0(0): 1.000000 
x: 0.768844, p_B0(0): 0.900000 
x: 0.366834, p_B0(0): 1.000000 
x: 0.773869, p_B0(0): 0.900000 
x: 0.869347, p_B0(0): 0.900000 
x: 0.778894, p_B0(0): 0.900000 
x: 0.512563, p_B0(0): 0.919610 
x: 0.663317, p_B0(0): 0.900000 
x: 0.814070, p_B0(0): 0.900000 
x: 0.517588, p_B0(0): 0.905302 
x: 0.522613, p_B0(0): 0.898428 
x: 0.527638, p_B0(0): 0.898994 
x: 0.668342, p_B0(0): 0.900000 
x: 0.532663, p_B0(0): 0.900668 
x: 0.819095, p_B0(0): 0.900000 
x: 0.673367, p_B0(0): 0.900000 
x: 0.824121, p_B0(0): 0.900000 
x: 0.829146, p_B0(0): 0.900000 
x: 0.834171, p_B0(0): 0.900000 
x: 0.839196, p_B0(0): 0.900000 
x: 0.844221, p_B0(0): 0.900000 
x: 0.849246, p_B0(0): 0.900000 
x: 0.854271, p_B0(0): 0.900000 
x: 0.859296, p_B0(0): 0.900000 
x: 0.105528, p_B0(0): 1.000000 
x: 0.110553, p_B0(0): 1.000000 
x: 0.412060, p_B0(0): 1.000000 
x: 0.417085, p_B0(0): 1.000000 
x: 0.919598, p_B0(0): 0.900000 
x: 0.783920, p_B0(0): 0.900000 
x: 0.371859, p_B0(0): 1.000000 
x: 0.788945, p_B0(0): 0.900000 
x: 0.793970, p_B0(0): 0.900000 
x: 0.050251, p_B0(0): 1.000000 
x: -0.005025, p_B0(0): 1.000000 
x: 0.055276, p_B0(0): 1.000000 
x: 0.537688, p_B0(0): 0.898748 
x: 0.618090, p_B0(0): 0.900000 
x: 0.562814, p_B0(0): 0.900000 
x: 0.623116, p_B0(0): 0.900000 
x: 0.628141, p_B0(0): 0.900000 
x: 0.567839, p_B0(0): 0.900000 
x: 0.572864, p_B0(0): 0.900000 
x: 0.577889, p_B0(0): 0.900000 
x: 0.582915, p_B0(0): 0.900000 
x: 0.587940, p_B0(0): 0.900000 
x: 0.633166, p_B0(0): 0.900000 
x: 0.592965, p_B0(0): 0.900000 
x: 0.924623, p_B0(0): 0.900000 
x: 0.597990, p_B0(0): 0.900000 
x: 0.713568, p_B0(0): 0.900000 
x: 0.160804, p_B0(0): 1.000000 
x: 0.678392, p_B0(0): 0.900000 
x: 0.718593, p_B0(0): 0.900000 
x: 0.165829, p_B0(0): 1.000000 
x: 0.683417, p_B0(0): 0.900000 
x: 0.688442, p_B0(0): 0.900000 
x: 0.000000, p_B0(0): 1.000000 
x: 0.311558, p_B0(0): 1.000000 
x: 0.964824, p_B0(0): 0.900000 
x: 0.693467, p_B0(0): 0.900000 
x: 0.005025, p_B0(0): 1.000000 
x: 0.010050, p_B0(0): 1.000000 
x: 0.015075, p_B0(0): 1.000000 
x: 0.020101, p_B0(0): 1.000000 
x: 0.025126, p_B0(0): 1.000000 
x: 0.376884, p_B0(0): 1.000000 
x: 0.030151, p_B0(0): 1.000000 
x: 0.381910, p_B0(0): 1.000000 
x: 0.386935, p_B0(0): 1.000000 
x: 0.798995, p_B0(0): 0.900000 
x: 0.391960, p_B0(0): 1.000000 
x: 0.396985, p_B0(0): 1.000000 
x: 0.804020, p_B0(0): 0.900000 
x: 0.809045, p_B0(0): 0.900000 
x: 0.402010, p_B0(0): 1.000000 
x: 0.407035, p_B0(0): 1.000000 
x: 0.874372, p_B0(0): 0.900000 
x: 0.211055, p_B0(0): 1.000000 
x: 0.879397, p_B0(0): 0.900000 
x: 0.884422, p_B0(0): 0.900000 
x: 0.889447, p_B0(0): 0.900000 
x: 0.216080, p_B0(0): 1.000000 
x: 0.316583, p_B0(0): 1.000000 
x: 0.221106, p_B0(0): 1.000000 
x: 0.894472, p_B0(0): 0.900000 
x: 0.321608, p_B0(0): 1.000000 
x: 0.226131, p_B0(0): 1.000000 
x: 0.231156, p_B0(0): 1.000000 
x: 0.899497, p_B0(0): 0.900000 
x: 0.422111, p_B0(0): 1.000000 
x: 0.603015, p_B0(0): 0.900000 
x: 0.427136, p_B0(0): 1.000000 
x: 0.432161, p_B0(0): 1.000000 
x: 0.035176, p_B0(0): 1.000000 
x: 0.608040, p_B0(0): 0.900000 
x: 0.060302, p_B0(0): 1.000000 
x: 0.115578, p_B0(0): 1.000000 
x: 0.929648, p_B0(0): 0.900000 
x: 0.969849, p_B0(0): 0.900000 
x: 0.120603, p_B0(0): 1.000000 
x: 0.698492, p_B0(0): 0.900000 
x: 0.125628, p_B0(0): 1.000000 
x: 0.326633, p_B0(0): 1.000000 
x: 0.331658, p_B0(0): 1.000000 
x: 0.336683, p_B0(0): 1.000000 
x: 0.341709, p_B0(0): 1.000000 
x: 0.703518, p_B0(0): 0.900000 
x: 0.130653, p_B0(0): 1.000000 
x: 0.346734, p_B0(0): 1.000000 
x: 0.708543, p_B0(0): 0.900000 
x: 0.065327, p_B0(0): 1.000000 
x: 0.542714, p_B0(0): 0.900180 
x: 0.934673, p_B0(0): 0.900000 
x: 0.070352, p_B0(0): 1.000000 
x: 0.547739, p_B0(0): 0.899921 
x: 0.723618, p_B0(0): 0.900000 
x: 0.437186, p_B0(0): 1.000000 
x: 0.728643, p_B0(0): 0.900000 
x: 0.939698, p_B0(0): 0.900000 
x: 0.733668, p_B0(0): 0.900000 
x: 0.040201, p_B0(0): 1.000000 
x: 0.552764, p_B0(0): 0.900027 
x: 0.135678, p_B0(0): 1.000000 
x: 0.140704, p_B0(0): 1.000000 
x: 0.145729, p_B0(0): 1.000000 
x: 0.150754, p_B0(0): 1.000000 
x: 0.155779, p_B0(0): 1.000000 
x: 0.261307, p_B0(0): 1.000000 
x: 0.266332, p_B0(0): 1.000000 
x: 0.271357, p_B0(0): 1.000000 
x: 0.276382, p_B0(0): 1.000000 
x: 0.281407, p_B0(0): 1.000000 
x: 0.286432, p_B0(0): 1.000000 
x: 0.944724, p_B0(0): 0.900000 
x: 0.291457, p_B0(0): 1.000000 
x: 0.296482, p_B0(0): 1.000000 
x: 0.301508, p_B0(0): 1.000000 
x: 0.306533, p_B0(0): 1.000000 
x: 0.738693, p_B0(0): 0.900000 
x: 0.045226, p_B0(0): 1.000000 
x: 0.743719, p_B0(0): 0.900000 
x: 0.748744, p_B0(0): 0.900000 
x: 0.753769, p_B0(0): 0.900000 
x: 0.758794, p_B0(0): 0.900000 
x: 0.075377, p_B0(0): 1.000000 
x: 0.080402, p_B0(0): 1.000000 
x: 0.085427, p_B0(0): 1.000000 
x: 0.090452, p_B0(0): 1.000000 
x: 0.095477, p_B0(0): 1.000000 
x: 0.100503, p_B0(0): 1.000000 
x: 0.557789, p_B0(0): 0.899997 
x: 0.351759, p_B0(0): 1.000000 
x: 0.356784, p_B0(0): 1.000000 
x: 0.974874, p_B0(0): 0.900000 
x: 0.979899, p_B0(0): 0.900000 
x: 0.984925, p_B0(0): 0.900000 
x: 0.989950, p_B0(0): 0.900000 
x: 0.994975, p_B0(0): 0.900000 
x: 1.000000, p_B0(0): 0.900000 
x: 1.005025, p_B0(0): 0.900000 
x: 1.010050, p_B0(0): 0.900000 
x: 0.462312, p_B0(0): 1.000378 
x: 0.467337, p_B0(0): 0.998990 
x: 0.472362, p_B0(0): 1.010611 
x: 0.477387, p_B0(0): 0.999394 
x: 0.482412, p_B0(0): 0.989959 
x: 0.487437, p_B0(0): 0.978982 
x: 0.492462, p_B0(0): 0.908272 
x: 0.497487, p_B0(0): 0.968408 
x: 0.502513, p_B0(0): 0.978749 
x: 0.507538, p_B0(0): 0.942640 
x: 0.442211, p_B0(0): 0.999999 
x: 0.447236, p_B0(0): 1.000010 
x: 0.452261, p_B0(0): 1.000001 
x: 0.457286, p_B0(0): 0.999763 
x: 0.170854, p_B0(0): 1.000000 
x: 0.175879, p_B0(0): 1.000000 
x: 0.180905, p_B0(0): 1.000000 
x: 0.185930, p_B0(0): 1.000000 
x: 0.190955, p_B0(0): 1.000000 
x: 0.195980, p_B0(0): 1.000000 
x: 0.949749, p_B0(0): 0.900000 
x: 0.201005, p_B0(0): 1.000000 
x: 0.206030, p_B0(0): 1.000000 
x: 0.236181, p_B0(0): 1.000000 
x: 0.241206, p_B0(0): 1.000000 
x: 0.246231, p_B0(0): 1.000000 
x: 0.251256, p_B0(0): 1.000000 
x: 0.256281, p_B0(0): 1.000000 
x: 0.954774, p_B0(0): 0.900000 
x: 0.959799, p_B0(0): 0.900000 
x: 0.904523, p_B0(0): 0.900000 
x: 0.909548, p_B0(0): 0.900000 
x: 0.638191, p_B0(0): 0.900000 
x: 0.643216, p_B0(0): 0.900000 
x: 0.648241, p_B0(0): 0.900000 
x: 0.653266, p_B0(0): 0.900000 
x: 0.658291, p_B0(0): 0.900000 
Iteration: 4. Time-step: 2.000e-04. Simulation time: 0.00080. Time/iteration: 0.020819.












x: 0.462312, p_B0(0): 1.005850 
x: 0.713568, p_B0(0): 0.900000 
x: 0.261307, p_B0(0): 1.000000 
x: 0.467337, p_B0(0): 0.997951 
x: 0.266332, p_B0(0): 1.000000 
x: 0.271357, p_B0(0): 1.000000 
x: 0.276382, p_B0(0): 1.000000 
x: 0.281407, p_B0(0): 1.000000 
x: 0.286432, p_B0(0): 1.000000 
x: 0.291457, p_B0(0): 1.000000 
x: 0.296482, p_B0(0): 1.000000 
x: 0.562814, p_B0(0): 0.900006 
x: 0.567839, p_B0(0): 0.900000 
x: 0.512563, p_B0(0): 0.956471 
x: 0.211055, p_B0(0): 1.000000 
x: 0.216080, p_B0(0): 1.000000 
x: 0.814070, p_B0(0): 0.900000 
x: 0.412060, p_B0(0): 1.000000 
x: 0.964824, p_B0(0): 0.900000 
x: 0.969849, p_B0(0): 0.900000 
x: 0.974874, p_B0(0): 0.900000 
x: 0.979899, p_B0(0): 0.900000 
x: 0.984925, p_B0(0): 0.900000 
x: 0.989950, p_B0(0): 0.900000 
x: 0.994975, p_B0(0): 0.900000 
x: 1.000000, p_B0(0): 0.900000 
x: 0.160804, p_B0(0): 1.000000 
x: 0.914573, p_B0(0): 0.900000 
x: 0.919598, p_B0(0): 0.900000 
x: 0.924623, p_B0(0): 0.900000 
x: 0.929648, p_B0(0): 0.900000 
x: 0.934673, p_B0(0): 0.900000 
x: 0.939698, p_B0(0): 0.900000 
x: 0.944724, p_B0(0): 0.900000 
x: 0.613065, p_B0(0): 0.900000 
x: 0.618090, p_B0(0): 0.900000 
x: 0.623116, p_B0(0): 0.900000 
x: 0.663317, p_B0(0): 0.900000 
x: 0.763819, p_B0(0): 0.900000 
x: 0.768844, p_B0(0): 0.900000 
x: 0.773869, p_B0(0): 0.900000 
x: 0.778894, p_B0(0): 0.900000 
x: 0.301508, p_B0(0): 1.000000 
x: 0.311558, p_B0(0): 1.000000 
x: -0.005025, p_B0(0): 1.000000 
x: 0.050251, p_B0(0): 1.000000 
x: 0.055276, p_B0(0): 1.000000 
x: 0.060302, p_B0(0): 1.000000 
x: 0.221106, p_B0(0): 1.000000 
x: 0.105528, p_B0(0): 1.000000 
x: 0.110553, p_B0(0): 1.000000 
x: 0.115578, p_B0(0): 1.000000 
x: 0.819095, p_B0(0): 0.900000 
x: 0.417085, p_B0(0): 1.000000 
x: 0.864322, p_B0(0): 0.900000 
x: 0.361809, p_B0(0): 1.000000 
x: 0.366834, p_B0(0): 1.000000 
x: 0.371859, p_B0(0): 1.000000 
x: 0.376884, p_B0(0): 1.000000 
x: 0.381910, p_B0(0): 1.000000 
x: 0.386935, p_B0(0): 1.000000 
x: 0.949749, p_B0(0): 0.900000 
x: 0.165829, p_B0(0): 1.000000 
x: 0.472362, p_B0(0): 1.014723 
x: 0.170854, p_B0(0): 1.000000 
x: 0.175879, p_B0(0): 1.000000 
x: 0.180905, p_B0(0): 1.000000 
x: 0.185930, p_B0(0): 1.000000 
x: 0.190955, p_B0(0): 1.000000 
x: 0.195980, p_B0(0): 1.000000 
x: 0.201005, p_B0(0): 1.000000 
x: 0.206030, p_B0(0): 1.000000 
x: 0.783920, p_B0(0): 0.900000 
x: 0.788945, p_B0(0): 0.900000 
x: 0.793970, p_B0(0): 0.900000 
x: 0.798995, p_B0(0): 0.900000 
x: 0.804020, p_B0(0): 0.900000 
x: 0.809045, p_B0(0): 0.900000 
x: 0.572864, p_B0(0): 0.900000 
x: 0.577889, p_B0(0): 0.900000 
x: 0.582915, p_B0(0): 0.900000 
x: 0.587940, p_B0(0): 0.900000 
x: 0.592965, p_B0(0): 0.900000 
x: 0.597990, p_B0(0): 0.900000 
x: 0.603015, p_B0(0): 0.900000 
x: 0.608040, p_B0(0): 0.900000 
x: 0.316583, p_B0(0): 1.000000 
x: 0.321608, p_B0(0): 1.000000 
x: 0.326633, p_B0(0): 1.000000 
x: 0.331658, p_B0(0): 1.000000 
x: 0.336683, p_B0(0): 1.000000 
x: 0.341709, p_B0(0): 1.000000 
x: 0.346734, p_B0(0): 1.000000 
x: 0.351759, p_B0(0): 1.000000 
x: 0.356784, p_B0(0): 1.000000 
x: 0.000000, p_B0(0): 1.000000 
x: 0.005025, p_B0(0): 1.000000 
x: 0.010050, p_B0(0): 1.000000 
x: 0.015075, p_B0(0): 1.000000 
x: 0.020101, p_B0(0): 1.000000 
x: 0.025126, p_B0(0): 1.000000 
x: 0.065327, p_B0(0): 1.000000 
x: 0.030151, p_B0(0): 1.000000 
x: 0.070352, p_B0(0): 1.000000 
x: 0.075377, p_B0(0): 1.000000 
x: 0.226131, p_B0(0): 1.000000 
x: 0.231156, p_B0(0): 1.000000 
x: 0.824121, p_B0(0): 0.900000 
x: 0.422111, p_B0(0): 1.000000 
x: 0.829146, p_B0(0): 0.900000 
x: 0.427136, p_B0(0): 1.000000 
x: 0.391960, p_B0(0): 1.000000 
x: 0.432161, p_B0(0): 0.999999 
x: 0.834171, p_B0(0): 0.900000 
x: 0.718593, p_B0(0): 0.900000 
x: 0.839196, p_B0(0): 0.900000 
x: 0.869347, p_B0(0): 0.900000 
x: 0.668342, p_B0(0): 0.900000 
x: 0.477387, p_B0(0): 0.977421 
x: 0.673367, p_B0(0): 0.900000 
x: 0.482412, p_B0(0): 1.057298 
x: 0.678392, p_B0(0): 0.900000 
x: 0.306533, p_B0(0): 1.000000 
x: 0.487437, p_B0(0): 0.877756 
x: 0.396985, p_B0(0): 1.000000 
x: 0.492462, p_B0(0): 0.792548 
x: 0.497487, p_B0(0): 1.098216 
x: 0.502513, p_B0(0): 0.980878 
x: 0.507538, p_B0(0): 0.919839 
x: 0.874372, p_B0(0): 0.900000 
x: 0.879397, p_B0(0): 0.900000 
x: 0.884422, p_B0(0): 0.900000 
x: 0.889447, p_B0(0): 0.900000 
x: 0.894472, p_B0(0): 0.900000 
x: 0.899497, p_B0(0): 0.900000 
x: 0.904523, p_B0(0): 0.900000 
x: 0.909548, p_B0(0): 0.900000 
x: 0.080402, p_B0(0): 1.000000 
x: 0.085427, p_B0(0): 1.000000 
x: 0.090452, p_B0(0): 1.000000 
x: 0.095477, p_B0(0): 1.000000 
x: 0.100503, p_B0(0): 1.000000 
x: 0.035176, p_B0(0): 1.000000 
x: 0.040201, p_B0(0): 1.000000 
x: 0.045226, p_B0(0): 1.000000 
x: 0.236181, p_B0(0): 1.000000 
x: 0.241206, p_B0(0): 1.000000 
x: 0.246231, p_B0(0): 1.000000 
x: 0.251256, p_B0(0): 1.000000 
x: 0.256281, p_B0(0): 1.000000 
x: 0.683417, p_B0(0): 0.900000 
x: 0.688442, p_B0(0): 0.900000 
x: 0.693467, p_B0(0): 0.900000 
x: 0.698492, p_B0(0): 0.900000 
x: 0.703518, p_B0(0): 0.900000 
x: 0.708543, p_B0(0): 0.900000 
x: 0.120603, p_B0(0): 1.000000 
x: 0.125628, p_B0(0): 1.000000 
x: 0.130653, p_B0(0): 1.000000 
x: 0.135678, p_B0(0): 1.000000 
x: 0.140704, p_B0(0): 1.000000 
x: 0.145729, p_B0(0): 1.000000 
x: 0.150754, p_B0(0): 1.000000 
x: 0.155779, p_B0(0): 1.000000 
x: 1.005025, p_B0(0): 0.900000 
x: 1.010050, p_B0(0): 0.900000 
x: 0.402010, p_B0(0): 1.000000 
x: 0.407035, p_B0(0): 1.000000 
x: 0.954774, p_B0(0): 0.900000 
x: 0.959799, p_B0(0): 0.900000 
x: 0.723618, p_B0(0): 0.900000 
x: 0.728643, p_B0(0): 0.900000 
x: 0.733668, p_B0(0): 0.900000 
x: 0.738693, p_B0(0): 0.900000 
x: 0.743719, p_B0(0): 0.900000 
x: 0.748744, p_B0(0): 0.900000 
x: 0.753769, p_B0(0): 0.900000 
x: 0.758794, p_B0(0): 0.900000 
x: 0.628141, p_B0(0): 0.900000 
x: 0.633166, p_B0(0): 0.900000 
x: 0.638191, p_B0(0): 0.900000 
x: 0.643216, p_B0(0): 0.900000 
x: 0.648241, p_B0(0): 0.900000 
x: 0.653266, p_B0(0): 0.900000 
x: 0.658291, p_B0(0): 0.900000 
x: 0.517588, p_B0(0): 0.914574 
x: 0.522613, p_B0(0): 0.905313 
x: 0.527638, p_B0(0): 0.897506 
x: 0.532663, p_B0(0): 0.898699 
x: 0.537688, p_B0(0): 0.899888 
x: 0.542714, p_B0(0): 0.899978 
x: 0.547739, p_B0(0): 0.899586 
x: 0.552764, p_B0(0): 0.900050 
x: 0.557789, p_B0(0): 0.899996 
x: 0.437186, p_B0(0): 1.000007 
x: 0.442211, p_B0(0): 0.999996 
x: 0.447236, p_B0(0): 0.999884 
x: 0.452261, p_B0(0): 1.000009 
x: 0.457286, p_B0(0): 0.999452 
x: 0.844221, p_B0(0): 0.900000 
x: 0.849246, p_B0(0): 0.900000 
x: 0.854271, p_B0(0): 0.900000 
x: 0.859296, p_B0(0): 0.900000 
Iteration: 5. Time-step: 2.000e-04. Simulation time: 0.00100. Time/iteration: 0.016239.












x: 0.361809, p_B0(0): 1.000000 
x: 0.914573, p_B0(0): 0.900000 
x: 0.562814, p_B0(0): 0.900026 
x: 0.763819, p_B0(0): 0.900000 
x: 0.814070, p_B0(0): 0.900000 
x: 0.919598, p_B0(0): 0.900000 
x: 0.768844, p_B0(0): 0.900000 
x: 0.773869, p_B0(0): 0.900000 
x: 0.924623, p_B0(0): 0.900000 
x: 0.567839, p_B0(0): 0.900000 
x: 0.311558, p_B0(0): 1.000000 
x: 0.211055, p_B0(0): 1.000000 
x: 0.713568, p_B0(0): 0.900000 
x: 0.105528, p_B0(0): 1.000000 
x: 0.110553, p_B0(0): 1.000000 
x: 0.115578, p_B0(0): 1.000000 
x: 0.120603, p_B0(0): 1.000000 
x: 0.125628, p_B0(0): 1.000000 
x: 0.130653, p_B0(0): 1.000000 
x: 0.135678, p_B0(0): 1.000000 
x: 0.140704, p_B0(0): 1.000000 
x: 0.145729, p_B0(0): 1.000000 
x: 0.150754, p_B0(0): 1.000000 
x: 0.155779, p_B0(0): 1.000000 
x: 0.462312, p_B0(0): 1.011062 
x: 0.663317, p_B0(0): 0.900000 
x: 0.668342, p_B0(0): 0.900000 
x: 0.673367, p_B0(0): 0.900000 
x: 0.412060, p_B0(0): 1.000000 
x: 0.417085, p_B0(0): 1.000000 
x: 0.422111, p_B0(0): 1.000000 
x: 0.427136, p_B0(0): 1.000003 
x: 0.432161, p_B0(0): 1.000000 
x: 0.437186, p_B0(0): 0.999949 
x: 0.442211, p_B0(0): 0.999962 
x: 0.447236, p_B0(0): 0.999761 
x: 0.819095, p_B0(0): 0.900000 
x: 0.452261, p_B0(0): 1.002709 
x: 0.457286, p_B0(0): 0.998412 
x: 0.050251, p_B0(0): 1.000000 
x: 0.055276, p_B0(0): 1.000000 
x: 0.929648, p_B0(0): 0.900000 
x: 0.060302, p_B0(0): 1.000000 
x: 0.934673, p_B0(0): 0.900000 
x: 0.512563, p_B0(0): 0.954029 
x: 0.065327, p_B0(0): 1.000000 
x: 0.316583, p_B0(0): 1.000000 
x: 0.613065, p_B0(0): 0.900000 
x: 0.216080, p_B0(0): 1.000000 
x: 0.718593, p_B0(0): 0.900000 
x: 0.221106, p_B0(0): 1.000000 
x: 0.226131, p_B0(0): 1.000000 
x: 0.618090, p_B0(0): 0.900000 
x: 0.964824, p_B0(0): 0.900000 
x: 0.261307, p_B0(0): 1.000000 
x: 0.969849, p_B0(0): 0.900000 
x: 0.974874, p_B0(0): 0.900000 
x: 0.467337, p_B0(0): 0.985529 
x: 0.979899, p_B0(0): 0.900000 
x: 0.266332, p_B0(0): 1.000000 
x: 0.678392, p_B0(0): 0.900000 
x: 0.271357, p_B0(0): 1.000000 
x: 0.472362, p_B0(0): 1.008496 
x: 0.160804, p_B0(0): 1.000000 
x: 0.864322, p_B0(0): 0.900000 
x: 0.477387, p_B0(0): 1.080390 
x: 0.869347, p_B0(0): 0.900000 
x: 0.517588, p_B0(0): 0.920547 
x: 0.723618, p_B0(0): 0.900000 
x: 0.165829, p_B0(0): 1.000000 
x: 0.231156, p_B0(0): 1.000000 
x: 0.623116, p_B0(0): 0.900000 
x: 0.728643, p_B0(0): 0.900000 
x: 0.170854, p_B0(0): 1.000000 
x: 0.628141, p_B0(0): 0.900000 
x: 0.733668, p_B0(0): 0.900000 
x: 0.175879, p_B0(0): 1.000000 
x: 0.572864, p_B0(0): 0.900002 
x: 0.738693, p_B0(0): 0.900000 
x: 0.984925, p_B0(0): 0.900000 
x: 0.743719, p_B0(0): 0.900000 
x: 0.180905, p_B0(0): 1.000000 
x: 0.989950, p_B0(0): 0.900000 
x: 0.482412, p_B0(0): 0.993633 
x: 0.522613, p_B0(0): 0.932919 
x: 0.185930, p_B0(0): 1.000000 
x: 0.321608, p_B0(0): 1.000000 
x: 0.527638, p_B0(0): 0.898679 
x: 0.683417, p_B0(0): 0.900000 
x: 0.939698, p_B0(0): 0.900000 
x: 0.532663, p_B0(0): 0.897743 
x: 0.326633, p_B0(0): 1.000000 
x: 0.276382, p_B0(0): 1.000000 
x: 0.537688, p_B0(0): 0.899503 
x: 0.366834, p_B0(0): 1.000000 
x: 0.944724, p_B0(0): 0.900000 
x: 0.542714, p_B0(0): 0.899696 
x: 0.331658, p_B0(0): 1.000000 
x: 0.371859, p_B0(0): 1.000000 
x: 0.376884, p_B0(0): 1.000000 
x: 0.994975, p_B0(0): 0.900000 
x: 0.824121, p_B0(0): 0.900000 
x: 0.381910, p_B0(0): 1.000000 
x: 0.949749, p_B0(0): 0.900000 
x: 0.633166, p_B0(0): 0.900000 
x: 0.577889, p_B0(0): 0.900000 
x: 0.829146, p_B0(0): 0.900000 
x: -0.005025, p_B0(0): 1.000000 
x: 0.748744, p_B0(0): 0.900000 
x: 0.778894, p_B0(0): 0.900000 
x: 0.874372, p_B0(0): 0.900000 
x: 0.753769, p_B0(0): 0.900000 
x: 0.190955, p_B0(0): 1.000000 
x: 0.070352, p_B0(0): 1.000000 
x: 1.000000, p_B0(0): 0.900000 
x: 0.879397, p_B0(0): 0.900000 
x: 0.075377, p_B0(0): 1.000000 
x: 0.884422, p_B0(0): 0.900000 
x: 0.195980, p_B0(0): 1.000000 
x: 0.889447, p_B0(0): 0.900000 
x: 0.080402, p_B0(0): 1.000000 
x: 0.582915, p_B0(0): 0.900000 
x: 0.000000, p_B0(0): 1.000000 
x: 0.085427, p_B0(0): 1.000000 
x: 0.638191, p_B0(0): 0.900000 
x: 0.954774, p_B0(0): 0.900000 
x: 0.090452, p_B0(0): 1.000000 
x: 0.783920, p_B0(0): 0.900000 
x: 0.788945, p_B0(0): 0.900000 
x: 0.793970, p_B0(0): 0.900000 
x: 0.798995, p_B0(0): 0.900000 
x: 0.688442, p_B0(0): 0.900000 
x: 0.804020, p_B0(0): 0.900000 
x: 0.693467, p_B0(0): 0.900000 
x: 0.698492, p_B0(0): 0.900000 
x: 0.005025, p_B0(0): 1.000000 
x: 0.703518, p_B0(0): 0.900000 
x: 0.708543, p_B0(0): 0.900000 
x: 0.834171, p_B0(0): 0.900000 
x: 0.839196, p_B0(0): 0.900000 
x: 0.844221, p_B0(0): 0.900000 
x: 0.849246, p_B0(0): 0.900000 
x: 0.854271, p_B0(0): 0.900000 
x: 0.487437, p_B0(0): -6.668462 
x: 0.758794, p_B0(0): 0.900000 
x: 0.095477, p_B0(0): 1.000000 
x: 1.005025, p_B0(0): 0.900000 
x: 0.100503, p_B0(0): 1.000000 
x: 0.894472, p_B0(0): 0.900000 
x: 1.010050, p_B0(0): 0.900000 
x: 0.899497, p_B0(0): 0.900000 
x: 0.587940, p_B0(0): 0.900000 
x: 0.547739, p_B0(0): 0.899649 
x: 0.592965, p_B0(0): 0.900000 
x: 0.552764, p_B0(0): 0.900022 
x: 0.492462, p_B0(0): 1.532306 
x: 0.597990, p_B0(0): 0.900000 
x: 0.557789, p_B0(0): 0.899845 
x: 0.336683, p_B0(0): 1.000000 
x: 0.643216, p_B0(0): 0.900000 
x: 0.603015, p_B0(0): 0.900000 
x: 0.648241, p_B0(0): 0.900000 
x: 0.904523, p_B0(0): 0.900000 
x: 0.608040, p_B0(0): 0.900000 
x: 0.909548, p_B0(0): 0.900000 
x: 0.281407, p_B0(0): 1.000000 
x: 0.859296, p_B0(0): 0.900000 
x: 0.286432, p_B0(0): 1.000000 
x: 0.291457, p_B0(0): 1.000000 
x: 0.296482, p_B0(0): 1.000000 
x: 0.301508, p_B0(0): 1.000000 
x: 0.306533, p_B0(0): 1.000000 
x: 0.497487, p_B0(0): 2.113369 
x: 0.502513, p_B0(0): -0.074036 
x: 0.507538, p_B0(0): 1.100066 
x: 0.010050, p_B0(0): 1.000000 
x: 0.015075, p_B0(0): 1.000000 
x: 0.020101, p_B0(0): 1.000000 
x: 0.025126, p_B0(0): 1.000000 
x: 0.030151, p_B0(0): 1.000000 
x: 0.035176, p_B0(0): 1.000000 
x: 0.040201, p_B0(0): 1.000000 
x: 0.045226, p_B0(0): 1.000000 
x: 0.386935, p_B0(0): 1.000000 
x: 0.391960, p_B0(0): 1.000000 
x: 0.396985, p_B0(0): 1.000000 
x: 0.402010, p_B0(0): 1.000000 
x: 0.407035, p_B0(0): 1.000000 
x: 0.809045, p_B0(0): 0.900000 
x: 0.653266, p_B0(0): 0.900000 
x: 0.658291, p_B0(0): 0.900000 
x: 0.959799, p_B0(0): 0.900000 
x: 0.236181, p_B0(0): 1.000000 
x: 0.241206, p_B0(0): 1.000000 
x: 0.246231, p_B0(0): 1.000000 
x: 0.251256, p_B0(0): 1.000000 
x: 0.256281, p_B0(0): 1.000000 
x: 0.341709, p_B0(0): 1.000000 
x: 0.346734, p_B0(0): 1.000000 
x: 0.351759, p_B0(0): 1.000000 
x: 0.356784, p_B0(0): 1.000000 
x: 0.201005, p_B0(0): 1.000000 
x: 0.206030, p_B0(0): 1.000000 
Iteration: 6. Time-step: 2.000e-04. Simulation time: 0.00120. Time/iteration: 0.001046.
Error: NaN detected at element 101
